<?xml version="1.0" encoding="UTF-8"?>
<coverage generated="1748764825">
  <project timestamp="1748764825">
    <file name="/mnt/96609CF5609CDCF5/code/gp/gp_dbms/src/DBQuery.php">
      <class name="Database\DBQuery" namespace="global">
        <metrics complexity="93" methods="46" coveredmethods="46" conditionals="0" coveredconditionals="0" statements="228" coveredstatements="228" elements="274" coveredelements="274"/>
      </class>
      <line num="104" type="method" name="_resetQuery" visibility="private" complexity="1" crap="1" count="38"/>
      <line num="106" type="stmt" count="38"/>
      <line num="107" type="stmt" count="38"/>
      <line num="108" type="stmt" count="38"/>
      <line num="109" type="stmt" count="38"/>
      <line num="110" type="stmt" count="38"/>
      <line num="111" type="stmt" count="38"/>
      <line num="112" type="stmt" count="38"/>
      <line num="113" type="stmt" count="38"/>
      <line num="114" type="stmt" count="38"/>
      <line num="115" type="stmt" count="38"/>
      <line num="116" type="stmt" count="38"/>
      <line num="119" type="method" name="__construct" visibility="public" complexity="1" crap="1" count="38"/>
      <line num="121" type="stmt" count="38"/>
      <line num="124" type="method" name="reset" visibility="public" complexity="1" crap="1" count="3"/>
      <line num="126" type="stmt" count="3"/>
      <line num="139" type="method" name="delete" visibility="public" complexity="3" crap="3" count="2"/>
      <line num="141" type="stmt" count="2"/>
      <line num="142" type="stmt" count="2"/>
      <line num="143" type="stmt" count="2"/>
      <line num="144" type="stmt" count="2"/>
      <line num="145" type="stmt" count="1"/>
      <line num="147" type="stmt" count="2"/>
      <line num="150" type="stmt" count="2"/>
      <line num="166" type="method" name="update" visibility="public" complexity="5" crap="5" count="2"/>
      <line num="172" type="stmt" count="2"/>
      <line num="175" type="stmt" count="2"/>
      <line num="176" type="stmt" count="2"/>
      <line num="179" type="stmt" count="2"/>
      <line num="180" type="stmt" count="2"/>
      <line num="181" type="stmt" count="2"/>
      <line num="184" type="stmt" count="2"/>
      <line num="185" type="stmt" count="2"/>
      <line num="188" type="stmt" count="2"/>
      <line num="189" type="stmt" count="2"/>
      <line num="192" type="stmt" count="2"/>
      <line num="193" type="stmt" count="2"/>
      <line num="194" type="stmt" count="1"/>
      <line num="195" type="stmt" count="1"/>
      <line num="196" type="stmt" count="1"/>
      <line num="198" type="stmt" count="2"/>
      <line num="202" type="stmt" count="2"/>
      <line num="205" type="method" name="frameWhere" visibility="public" complexity="2" crap="2" count="4"/>
      <line num="207" type="stmt" count="4"/>
      <line num="208" type="stmt" count="4"/>
      <line num="209" type="stmt" count="4"/>
      <line num="210" type="stmt" count="4"/>
      <line num="211" type="stmt" count="4"/>
      <line num="214" type="stmt" count="4"/>
      <line num="229" type="method" name="insert" visibility="public" complexity="4" crap="4" count="1"/>
      <line num="234" type="stmt" count="1"/>
      <line num="237" type="stmt" count="1"/>
      <line num="238" type="stmt" count="1"/>
      <line num="239" type="stmt" count="1"/>
      <line num="242" type="stmt" count="1"/>
      <line num="243" type="stmt" count="1"/>
      <line num="244" type="stmt" count="1"/>
      <line num="246" type="stmt" count="1"/>
      <line num="248" type="stmt" count="1"/>
      <line num="249" type="stmt" count="1"/>
      <line num="251" type="stmt" count="1"/>
      <line num="255" type="stmt" count="1"/>
      <line num="257" type="stmt" count="1"/>
      <line num="267" type="method" name="select" visibility="public" complexity="2" crap="2" count="10"/>
      <line num="269" type="stmt" count="10"/>
      <line num="271" type="stmt" count="10"/>
      <line num="272" type="stmt" count="5"/>
      <line num="274" type="stmt" count="5"/>
      <line num="277" type="stmt" count="5"/>
      <line num="279" type="stmt" count="5"/>
      <line num="289" type="method" name="selectAs" visibility="public" complexity="2" crap="2" count="1"/>
      <line num="291" type="stmt" count="1"/>
      <line num="292" type="stmt" count="1"/>
      <line num="294" type="stmt" count="1"/>
      <line num="297" type="method" name="selectWith" visibility="public" complexity="2" crap="2" count="1"/>
      <line num="299" type="stmt" count="1"/>
      <line num="300" type="stmt" count="1"/>
      <line num="302" type="stmt" count="1"/>
      <line num="310" type="method" name="selectAll" visibility="public" complexity="2" crap="2" count="9"/>
      <line num="312" type="stmt" count="9"/>
      <line num="313" type="stmt" count="9"/>
      <line num="315" type="stmt" count="9"/>
      <line num="326" type="method" name="from" visibility="public" complexity="1" crap="1" count="19"/>
      <line num="328" type="stmt" count="19"/>
      <line num="330" type="stmt" count="19"/>
      <line num="341" type="method" name="appendWhere" visibility="public" complexity="3" crap="3" count="1"/>
      <line num="343" type="stmt" count="1"/>
      <line num="344" type="stmt" count="1"/>
      <line num="345" type="stmt" count="1"/>
      <line num="347" type="stmt" count="1"/>
      <line num="348" type="stmt" count="1"/>
      <line num="350" type="stmt" count="1"/>
      <line num="352" type="stmt" count="1"/>
      <line num="353" type="stmt" count="1"/>
      <line num="355" type="stmt" count="1"/>
      <line num="363" type="method" name="getWhere" visibility="public" complexity="1" crap="1" count="2"/>
      <line num="365" type="stmt" count="2"/>
      <line num="368" type="method" name="addWhere" visibility="public" complexity="2" crap="2" count="7"/>
      <line num="370" type="stmt" count="7"/>
      <line num="371" type="stmt" count="7"/>
      <line num="373" type="stmt" count="5"/>
      <line num="374" type="stmt" count="5"/>
      <line num="376" type="stmt" count="5"/>
      <line num="396" type="method" name="where" visibility="public" complexity="1" crap="1" count="5"/>
      <line num="398" type="stmt" count="5"/>
      <line num="401" type="method" name="getSingleArgWhere" visibility="private" complexity="5" crap="5" count="5"/>
      <line num="403" type="stmt" count="5"/>
      <line num="404" type="stmt" count="5"/>
      <line num="405" type="stmt" count="5"/>
      <line num="406" type="stmt" count="5"/>
      <line num="407" type="stmt" count="3"/>
      <line num="410" type="stmt" count="4"/>
      <line num="411" type="stmt" count="4"/>
      <line num="412" type="stmt" count="2"/>
      <line num="415" type="stmt" count="2"/>
      <line num="416" type="stmt" count="2"/>
      <line num="417" type="stmt" count="1"/>
      <line num="418" type="stmt" count="1"/>
      <line num="421" type="stmt" count="1"/>
      <line num="424" type="method" name="getThreeArgWhere" visibility="private" complexity="1" crap="1" count="4"/>
      <line num="426" type="stmt" count="4"/>
      <line num="428" type="stmt" count="4"/>
      <line num="429" type="stmt" count="4"/>
      <line num="430" type="stmt" count="4"/>
      <line num="431" type="stmt" count="4"/>
      <line num="434" type="method" name="getCondition" visibility="private" complexity="4" crap="4" count="2"/>
      <line num="436" type="stmt" count="2"/>
      <line num="437" type="stmt" count="2"/>
      <line num="438" type="stmt" count="2"/>
      <line num="440" type="stmt" count="2"/>
      <line num="441" type="stmt" count="1"/>
      <line num="442" type="stmt" count="2"/>
      <line num="443" type="stmt" count="1"/>
      <line num="444" type="stmt" count="1"/>
      <line num="445" type="stmt" count="2"/>
      <line num="446" type="stmt" count="1"/>
      <line num="447" type="stmt" count="1"/>
      <line num="449" type="stmt" count="1"/>
      <line num="452" type="stmt" count="1"/>
      <line num="471" type="method" name="orWhere" visibility="public" complexity="1" crap="1" count="1"/>
      <line num="473" type="stmt" count="1"/>
      <line num="484" type="method" name="limit" visibility="public" complexity="2" crap="2" count="2"/>
      <line num="486" type="stmt" count="2"/>
      <line num="487" type="stmt" count="1"/>
      <line num="489" type="stmt" count="1"/>
      <line num="492" type="stmt" count="2"/>
      <line num="503" type="method" name="orderBy" visibility="public" complexity="6" crap="6" count="1"/>
      <line num="505" type="stmt" count="1"/>
      <line num="507" type="stmt" count="1"/>
      <line num="510" type="stmt" count="1"/>
      <line num="511" type="stmt" count="1"/>
      <line num="514" type="stmt" count="1"/>
      <line num="521" type="method" name="getExectedQuery" visibility="public" complexity="1" crap="1" count="1"/>
      <line num="523" type="stmt" count="1"/>
      <line num="531" type="method" name="getQuery" visibility="public" complexity="2" crap="2" count="16"/>
      <line num="533" type="stmt" count="16"/>
      <line num="534" type="stmt" count="14"/>
      <line num="535" type="stmt" count="14"/>
      <line num="536" type="stmt" count="14"/>
      <line num="537" type="stmt" count="14"/>
      <line num="538" type="stmt" count="14"/>
      <line num="539" type="stmt" count="14"/>
      <line num="540" type="stmt" count="14"/>
      <line num="541" type="stmt" count="14"/>
      <line num="542" type="stmt" count="14"/>
      <line num="543" type="stmt" count="14"/>
      <line num="544" type="stmt" count="2"/>
      <line num="545" type="stmt" count="2"/>
      <line num="547" type="stmt" count="16"/>
      <line num="555" type="method" name="getBindValues" visibility="public" complexity="1" crap="1" count="7"/>
      <line num="557" type="stmt" count="7"/>
      <line num="567" type="method" name="appendBindValues" visibility="public" complexity="2" crap="2" count="2"/>
      <line num="569" type="stmt" count="2"/>
      <line num="570" type="stmt" count="2"/>
      <line num="573" type="stmt" count="2"/>
      <line num="584" type="method" name="innerJoin" visibility="public" complexity="1" crap="1" count="1"/>
      <line num="586" type="stmt" count="1"/>
      <line num="589" type="method" name="join" visibility="public" complexity="2" crap="2" count="4"/>
      <line num="591" type="stmt" count="4"/>
      <line num="592" type="stmt" count="4"/>
      <line num="594" type="stmt" count="4"/>
      <line num="595" type="stmt" count="3"/>
      <line num="598" type="stmt" count="2"/>
      <line num="609" type="method" name="leftJoin" visibility="public" complexity="1" crap="1" count="1"/>
      <line num="611" type="stmt" count="1"/>
      <line num="622" type="method" name="rightJoin" visibility="public" complexity="1" crap="1" count="1"/>
      <line num="624" type="stmt" count="1"/>
      <line num="635" type="method" name="crossJoin" visibility="public" complexity="1" crap="1" count="1"/>
      <line num="637" type="stmt" count="1"/>
      <line num="647" type="method" name="on" visibility="public" complexity="1" crap="1" count="3"/>
      <line num="649" type="stmt" count="3"/>
      <line num="651" type="stmt" count="3"/>
      <line num="661" type="method" name="using" visibility="public" complexity="1" crap="1" count="1"/>
      <line num="663" type="stmt" count="1"/>
      <line num="665" type="stmt" count="1"/>
      <line num="673" type="method" name="groupBy" visibility="public" complexity="1" crap="1" count="3"/>
      <line num="675" type="stmt" count="3"/>
      <line num="676" type="stmt" count="3"/>
      <line num="678" type="stmt" count="3"/>
      <line num="681" type="method" name="setBindValue" visibility="public" complexity="1" crap="1" count="1"/>
      <line num="683" type="stmt" count="1"/>
      <line num="685" type="stmt" count="1"/>
      <line num="688" type="method" name="setQuery" visibility="public" complexity="1" crap="1" count="1"/>
      <line num="690" type="stmt" count="1"/>
      <line num="692" type="stmt" count="1"/>
      <line num="695" type="method" name="getSql" visibility="public" complexity="4" crap="4" count="4"/>
      <line num="697" type="stmt" count="4"/>
      <line num="698" type="stmt" count="1"/>
      <line num="699" type="stmt" count="3"/>
      <line num="700" type="stmt" count="2"/>
      <line num="701" type="stmt" count="2"/>
      <line num="702" type="stmt" count="2"/>
      <line num="703" type="stmt" count="2"/>
      <line num="704" type="stmt" count="2"/>
      <line num="705" type="stmt" count="2"/>
      <line num="706" type="stmt" count="2"/>
      <line num="707" type="stmt" count="2"/>
      <line num="708" type="stmt" count="2"/>
      <line num="709" type="stmt" count="2"/>
      <line num="711" type="stmt" count="1"/>
      <line num="714" type="stmt" count="3"/>
      <line num="717" type="method" name="having" visibility="public" complexity="1" crap="1" count="1"/>
      <line num="719" type="stmt" count="1"/>
      <line num="720" type="stmt" count="1"/>
      <line num="722" type="stmt" count="1"/>
      <line num="725" type="method" name="addBackticks" visibility="private" complexity="5" crap="5" count="26"/>
      <line num="727" type="stmt" count="26"/>
      <line num="728" type="stmt" count="26"/>
      <line num="729" type="stmt" count="26"/>
      <line num="730" type="stmt" count="1"/>
      <line num="731" type="stmt" count="1"/>
      <line num="733" type="stmt" count="1"/>
      <line num="735" type="stmt" count="26"/>
      <line num="736" type="stmt" count="6"/>
      <line num="738" type="stmt" count="6"/>
      <line num="741" type="stmt" count="26"/>
      <line num="742" type="stmt" count="2"/>
      <line num="744" type="stmt" count="2"/>
      <line num="747" type="stmt" count="26"/>
      <line num="750" type="method" name="backticksHandler" visibility="private" complexity="2" crap="2" count="7"/>
      <line num="752" type="stmt" count="7"/>
      <line num="753" type="stmt" count="7"/>
      <line num="754" type="stmt" count="7"/>
      <line num="757" type="stmt" count="1"/>
      <line num="758" type="stmt" count="7"/>
      <line num="761" type="method" name="frameFields" visibility="private" complexity="2" crap="2" count="9"/>
      <line num="763" type="stmt" count="9"/>
      <line num="764" type="stmt" count="4"/>
      <line num="766" type="stmt" count="9"/>
      <line num="769" type="method" name="frameWhereQuery" visibility="public" complexity="5" crap="5" count="8"/>
      <line num="771" type="stmt" count="8"/>
      <line num="773" type="stmt" count="8"/>
      <line num="776" type="stmt" count="8"/>
      <line num="777" type="stmt" count="5"/>
      <line num="778" type="stmt" count="5"/>
      <line num="779" type="stmt" count="2"/>
      <line num="780" type="stmt" count="2"/>
      <line num="781" type="stmt" count="2"/>
      <line num="782" type="stmt" count="2"/>
      <line num="784" type="stmt" count="5"/>
      <line num="785" type="stmt" count="4"/>
      <line num="787" type="stmt" count="1"/>
      <line num="791" type="method" name="addWhereGroup" visibility="public" complexity="2" crap="2" count="1"/>
      <line num="793" type="stmt" count="1"/>
      <line num="794" type="stmt" count="1"/>
      <line num="796" type="stmt" count="1"/>
      <line num="797" type="stmt" count="1"/>
      <line num="799" type="stmt" count="1"/>
      <line num="802" type="method" name="andWhereGroup" visibility="public" complexity="1" crap="1" count="1"/>
      <line num="804" type="stmt" count="1"/>
      <line num="807" type="method" name="orWhereGroup" visibility="public" complexity="1" crap="1" count="1"/>
      <line num="809" type="stmt" count="1"/>
      <line num="812" type="method" name="__toString" visibility="public" complexity="1" crap="1" count="1"/>
      <line num="814" type="stmt" count="1"/>
      <metrics loc="817" ncloc="542" classes="1" methods="46" coveredmethods="46" conditionals="0" coveredconditionals="0" statements="228" coveredstatements="228" elements="274" coveredelements="274"/>
    </file>
    <file name="/mnt/96609CF5609CDCF5/code/gp/gp_dbms/src/Database.php">
      <class name="Database\Database" namespace="global">
        <metrics complexity="17" methods="13" coveredmethods="11" conditionals="0" coveredconditionals="0" statements="39" coveredstatements="37" elements="52" coveredelements="48"/>
      </class>
      <line num="57" type="method" name="__construct" visibility="public" complexity="1" crap="1" count="9"/>
      <line num="59" type="stmt" count="9"/>
      <line num="62" type="method" name="__call" visibility="public" complexity="3" crap="3.04" count="1"/>
      <line num="64" type="stmt" count="1"/>
      <line num="66" type="stmt" count="1"/>
      <line num="67" type="stmt" count="1"/>
      <line num="68" type="stmt" count="1"/>
      <line num="71" type="stmt" count="1"/>
      <line num="73" type="stmt" count="0"/>
      <line num="121" type="method" name="__clone" visibility="private" complexity="1" crap="2" count="0"/>
      <line num="123" type="stmt" count="0"/>
      <line num="173" type="method" name="query" visibility="public" complexity="1" crap="1" count="1"/>
      <line num="175" type="stmt" count="1"/>
      <line num="176" type="stmt" count="1"/>
      <line num="177" type="stmt" count="1"/>
      <line num="179" type="stmt" count="1"/>
      <line num="194" type="method" name="execute" visibility="public" complexity="2" crap="2" count="7"/>
      <line num="196" type="stmt" count="7"/>
      <line num="198" type="stmt" count="7"/>
      <line num="199" type="stmt" count="7"/>
      <line num="202" type="stmt" count="7"/>
      <line num="203" type="stmt" count="1"/>
      <line num="204" type="stmt" count="1"/>
      <line num="206" type="stmt" count="1"/>
      <line num="208" type="stmt" count="6"/>
      <line num="210" type="stmt" count="6"/>
      <line num="221" type="method" name="set" visibility="public" complexity="1" crap="1" count="1"/>
      <line num="223" type="stmt" count="1"/>
      <line num="225" type="stmt" count="1"/>
      <line num="233" type="method" name="begin" visibility="public" complexity="1" crap="1" count="1"/>
      <line num="235" type="stmt" count="1"/>
      <line num="237" type="stmt" count="1"/>
      <line num="245" type="method" name="commit" visibility="public" complexity="1" crap="1" count="1"/>
      <line num="247" type="stmt" count="1"/>
      <line num="255" type="method" name="rollback" visibility="public" complexity="1" crap="1" count="1"/>
      <line num="257" type="stmt" count="1"/>
      <line num="262" type="method" name="getOne" visibility="public" complexity="1" crap="1" count="1"/>
      <line num="264" type="stmt" count="1"/>
      <line num="265" type="stmt" count="1"/>
      <line num="267" type="stmt" count="1"/>
      <line num="270" type="method" name="getAll" visibility="public" complexity="2" crap="2" count="1"/>
      <line num="272" type="stmt" count="1"/>
      <line num="273" type="stmt" count="1"/>
      <line num="274" type="stmt" count="1"/>
      <line num="275" type="stmt" count="1"/>
      <line num="278" type="stmt" count="1"/>
      <line num="281" type="method" name="setQuery" visibility="public" complexity="1" crap="1" count="1"/>
      <line num="283" type="stmt" count="1"/>
      <line num="285" type="stmt" count="1"/>
      <line num="288" type="method" name="setDbQuery" visibility="public" complexity="1" crap="1" count="28"/>
      <line num="290" type="stmt" count="28"/>
      <line num="292" type="stmt" count="28"/>
      <metrics loc="295" ncloc="149" classes="1" methods="13" coveredmethods="11" conditionals="0" coveredconditionals="0" statements="39" coveredstatements="37" elements="52" coveredelements="48"/>
    </file>
    <file name="/mnt/96609CF5609CDCF5/code/gp/gp_dbms/src/DatabaseFactory.php">
      <class name="Database\DatabaseFactory" namespace="global">
        <metrics complexity="12" methods="3" coveredmethods="3" conditionals="0" coveredconditionals="0" statements="25" coveredstatements="25" elements="28" coveredelements="28"/>
      </class>
      <line num="20" type="method" name="create" visibility="private" complexity="4" crap="4" count="4"/>
      <line num="23" type="stmt" count="4"/>
      <line num="24" type="stmt" count="4"/>
      <line num="25" type="stmt" count="4"/>
      <line num="26" type="stmt" count="1"/>
      <line num="29" type="stmt" count="3"/>
      <line num="30" type="stmt" count="3"/>
      <line num="31" type="stmt" count="3"/>
      <line num="32" type="stmt" count="3"/>
      <line num="33" type="stmt" count="3"/>
      <line num="34" type="stmt" count="3"/>
      <line num="35" type="stmt" count="3"/>
      <line num="36" type="stmt" count="2"/>
      <line num="37" type="stmt" count="2"/>
      <line num="38" type="stmt" count="1"/>
      <line num="40" type="stmt" count="1"/>
      <line num="49" type="method" name="setUpConfig" visibility="public" complexity="5" crap="5" count="4"/>
      <line num="51" type="stmt" count="4"/>
      <line num="52" type="stmt" count="4"/>
      <line num="55" type="stmt" count="4"/>
      <line num="57" type="stmt" count="4"/>
      <line num="61" type="method" name="get" visibility="public" complexity="3" crap="3" count="5"/>
      <line num="63" type="stmt" count="5"/>
      <line num="64" type="stmt" count="1"/>
      <line num="67" type="stmt" count="5"/>
      <line num="68" type="stmt" count="4"/>
      <line num="70" type="stmt" count="2"/>
      <line num="73" type="stmt" count="1"/>
      <metrics loc="76" ncloc="65" classes="1" methods="3" coveredmethods="3" conditionals="0" coveredconditionals="0" statements="25" coveredstatements="25" elements="28" coveredelements="28"/>
    </file>
    <file name="/mnt/96609CF5609CDCF5/code/gp/gp_dbms/src/Driver/MysqliDriver.php">
      <class name="Database\Driver\MysqliDriver" namespace="global">
        <metrics complexity="22" methods="12" coveredmethods="10" conditionals="0" coveredconditionals="0" statements="41" coveredstatements="36" elements="53" coveredelements="46"/>
      </class>
      <line num="21" type="method" name="__construct" visibility="private" complexity="2" crap="6" count="0"/>
      <line num="24" type="stmt" count="0"/>
      <line num="25" type="stmt" count="0"/>
      <line num="26" type="stmt" count="0"/>
      <line num="27" type="stmt" count="0"/>
      <line num="36" type="method" name="__clone" visibility="private" complexity="1" crap="2" count="0"/>
      <line num="38" type="stmt" count="0"/>
      <line num="51" type="method" name="getInstance" visibility="public" complexity="1" crap="1" count="1"/>
      <line num="58" type="stmt" count="1"/>
      <line num="60" type="stmt" count="1"/>
      <line num="68" type="method" name="executeQuery" visibility="public" complexity="1" crap="1" count="2"/>
      <line num="70" type="stmt" count="2"/>
      <line num="73" type="method" name="run" visibility="public" complexity="4" crap="4" count="5"/>
      <line num="76" type="stmt" count="5"/>
      <line num="77" type="stmt" count="3"/>
      <line num="78" type="stmt" count="3"/>
      <line num="79" type="stmt" count="3"/>
      <line num="81" type="stmt" count="2"/>
      <line num="82" type="stmt" count="2"/>
      <line num="83" type="stmt" count="2"/>
      <line num="84" type="stmt" count="2"/>
      <line num="85" type="stmt" count="2"/>
      <line num="88" type="stmt" count="3"/>
      <line num="91" type="method" name="getStmt" visibility="protected" complexity="6" crap="6" count="1"/>
      <line num="93" type="stmt" count="1"/>
      <line num="94" type="stmt" count="1"/>
      <line num="95" type="stmt" count="1"/>
      <line num="96" type="stmt" count="1"/>
      <line num="97" type="stmt" count="1"/>
      <line num="98" type="stmt" count="1"/>
      <line num="99" type="stmt" count="1"/>
      <line num="100" type="stmt" count="1"/>
      <line num="101" type="stmt" count="1"/>
      <line num="102" type="stmt" count="1"/>
      <line num="103" type="stmt" count="1"/>
      <line num="104" type="stmt" count="1"/>
      <line num="106" type="stmt" count="1"/>
      <line num="107" type="stmt" count="1"/>
      <line num="111" type="stmt" count="1"/>
      <line num="112" type="stmt" count="1"/>
      <line num="115" type="stmt" count="1"/>
      <line num="123" type="method" name="fetch" visibility="public" complexity="2" crap="2" count="1"/>
      <line num="125" type="stmt" count="1"/>
      <line num="136" type="method" name="runQuery" visibility="public" complexity="1" crap="1" count="1"/>
      <line num="138" type="stmt" count="1"/>
      <line num="146" type="method" name="close" visibility="public" complexity="1" crap="1" count="1"/>
      <line num="148" type="stmt" count="1"/>
      <line num="156" type="method" name="insertId" visibility="public" complexity="1" crap="1" count="1"/>
      <line num="158" type="stmt" count="1"/>
      <line num="166" type="method" name="begin" visibility="public" complexity="1" crap="1" count="1"/>
      <line num="168" type="stmt" count="1"/>
      <line num="171" type="method" name="escape" visibility="public" complexity="1" crap="1" count="1"/>
      <line num="173" type="stmt" count="1"/>
      <metrics loc="176" ncloc="119" classes="1" methods="12" coveredmethods="10" conditionals="0" coveredconditionals="0" statements="41" coveredstatements="36" elements="53" coveredelements="46"/>
    </file>
    <file name="/mnt/96609CF5609CDCF5/code/gp/gp_dbms/src/Driver/PdoDriver.php">
      <class name="Database\Driver\PdoDriver" namespace="global">
        <metrics complexity="18" methods="12" coveredmethods="9" conditionals="0" coveredconditionals="0" statements="41" coveredstatements="32" elements="53" coveredelements="41"/>
      </class>
      <line num="21" type="method" name="__construct" visibility="private" complexity="2" crap="6" count="0"/>
      <line num="29" type="stmt" count="0"/>
      <line num="30" type="stmt" count="0"/>
      <line num="31" type="stmt" count="0"/>
      <line num="32" type="stmt" count="0"/>
      <line num="33" type="stmt" count="0"/>
      <line num="34" type="stmt" count="0"/>
      <line num="35" type="stmt" count="0"/>
      <line num="44" type="method" name="__clone" visibility="private" complexity="1" crap="2" count="0"/>
      <line num="46" type="stmt" count="0"/>
      <line num="59" type="method" name="getInstance" visibility="public" complexity="1" crap="1.04" count="1"/>
      <line num="66" type="stmt" count="1"/>
      <line num="67" type="stmt" count="0"/>
      <line num="69" type="stmt" count="1"/>
      <line num="77" type="method" name="executeQuery" visibility="public" complexity="1" crap="1" count="1"/>
      <line num="79" type="stmt" count="1"/>
      <line num="81" type="stmt" count="1"/>
      <line num="84" type="method" name="getStmt" visibility="protected" complexity="3" crap="3" count="3"/>
      <line num="86" type="stmt" count="3"/>
      <line num="87" type="stmt" count="3"/>
      <line num="88" type="stmt" count="3"/>
      <line num="89" type="stmt" count="3"/>
      <line num="90" type="stmt" count="3"/>
      <line num="91" type="stmt" count="2"/>
      <line num="92" type="stmt" count="2"/>
      <line num="93" type="stmt" count="1"/>
      <line num="94" type="stmt" count="2"/>
      <line num="95" type="stmt" count="2"/>
      <line num="98" type="stmt" count="3"/>
      <line num="106" type="method" name="fetch" visibility="public" complexity="2" crap="2" count="1"/>
      <line num="108" type="stmt" count="1"/>
      <line num="119" type="method" name="runQuery" visibility="public" complexity="1" crap="1" count="1"/>
      <line num="121" type="stmt" count="1"/>
      <line num="123" type="stmt" count="1"/>
      <line num="133" type="method" name="run" visibility="private" complexity="3" crap="3" count="4"/>
      <line num="135" type="stmt" count="4"/>
      <line num="137" type="stmt" count="4"/>
      <line num="138" type="stmt" count="3"/>
      <line num="139" type="stmt" count="3"/>
      <line num="141" type="stmt" count="1"/>
      <line num="142" type="stmt" count="1"/>
      <line num="143" type="stmt" count="1"/>
      <line num="144" type="stmt" count="1"/>
      <line num="145" type="stmt" count="1"/>
      <line num="148" type="stmt" count="3"/>
      <line num="156" type="method" name="close" visibility="public" complexity="1" crap="1" count="1"/>
      <line num="158" type="stmt" count="1"/>
      <line num="166" type="method" name="insertId" visibility="public" complexity="1" crap="1" count="1"/>
      <line num="168" type="stmt" count="1"/>
      <line num="176" type="method" name="begin" visibility="public" complexity="1" crap="1" count="1"/>
      <line num="178" type="stmt" count="1"/>
      <line num="181" type="method" name="escape" visibility="public" complexity="1" crap="1" count="1"/>
      <line num="183" type="stmt" count="1"/>
      <metrics loc="186" ncloc="121" classes="1" methods="12" coveredmethods="9" conditionals="0" coveredconditionals="0" statements="41" coveredstatements="32" elements="53" coveredelements="41"/>
    </file>
    <file name="/mnt/96609CF5609CDCF5/code/gp/gp_dbms/src/Exception/DatabaseException.php">
      <class name="Database\Exception\DatabaseException" namespace="global">
        <metrics complexity="4" methods="3" coveredmethods="3" conditionals="0" coveredconditionals="0" statements="6" coveredstatements="6" elements="9" coveredelements="9"/>
      </class>
      <line num="16" type="method" name="__construct" visibility="public" complexity="2" crap="2" count="6"/>
      <line num="18" type="stmt" count="6"/>
      <line num="19" type="stmt" count="6"/>
      <line num="20" type="stmt" count="6"/>
      <line num="28" type="method" name="getErrorData" visibility="public" complexity="1" crap="1" count="1"/>
      <line num="30" type="stmt" count="1"/>
      <line num="40" type="method" name="setErrorData" visibility="public" complexity="1" crap="1" count="1"/>
      <line num="42" type="stmt" count="1"/>
      <line num="44" type="stmt" count="1"/>
      <metrics loc="47" ncloc="35" classes="1" methods="3" coveredmethods="3" conditionals="0" coveredconditionals="0" statements="6" coveredstatements="6" elements="9" coveredelements="9"/>
    </file>
    <file name="/mnt/96609CF5609CDCF5/code/gp/gp_dbms/src/Orm/Events.php">
      <class name="Database\Orm\Events" namespace="global">
        <metrics complexity="0" methods="0" coveredmethods="0" conditionals="0" coveredconditionals="0" statements="0" coveredstatements="0" elements="0" coveredelements="0"/>
      </class>
      <metrics loc="20" ncloc="20" classes="0" methods="0" coveredmethods="0" conditionals="0" coveredconditionals="0" statements="0" coveredstatements="0" elements="0" coveredelements="0"/>
    </file>
    <file name="/mnt/96609CF5609CDCF5/code/gp/gp_dbms/src/Orm/Model.php">
      <class name="Database\Orm\Model" namespace="global">
        <metrics complexity="20" methods="13" coveredmethods="13" conditionals="0" coveredconditionals="0" statements="42" coveredstatements="42" elements="55" coveredelements="55"/>
      </class>
      <line num="20" type="method" name="__construct" visibility="public" complexity="1" crap="1" count="28"/>
      <line num="22" type="stmt" count="28"/>
      <line num="32" type="method" name="__get" visibility="public" complexity="1" crap="1" count="4"/>
      <line num="34" type="stmt" count="4"/>
      <line num="45" type="method" name="__set" visibility="public" complexity="1" crap="1" count="8"/>
      <line num="47" type="stmt" count="8"/>
      <line num="57" type="method" name="setValues" visibility="public" complexity="2" crap="2" count="6"/>
      <line num="59" type="stmt" count="6"/>
      <line num="60" type="stmt" count="6"/>
      <line num="69" type="method" name="validate" visibility="public" complexity="1" crap="1" count="1"/>
      <line num="71" type="stmt" count="1"/>
      <line num="73" type="stmt" count="1"/>
      <line num="81" type="method" name="getValues" visibility="public" complexity="3" crap="3" count="7"/>
      <line num="83" type="stmt" count="7"/>
      <line num="84" type="stmt" count="5"/>
      <line num="86" type="stmt" count="2"/>
      <line num="88" type="stmt" count="2"/>
      <line num="91" type="stmt" count="2"/>
      <line num="94" type="stmt" count="2"/>
      <line num="97" type="stmt" count="2"/>
      <line num="98" type="stmt" count="2"/>
      <line num="99" type="stmt" count="2"/>
      <line num="102" type="stmt" count="2"/>
      <line num="103" type="stmt" count="2"/>
      <line num="104" type="stmt" count="2"/>
      <line num="106" type="stmt" count="2"/>
      <line num="107" type="stmt" count="2"/>
      <line num="108" type="stmt" count="2"/>
      <line num="111" type="stmt" count="2"/>
      <line num="119" type="method" name="getErrors" visibility="public" complexity="1" crap="1" count="1"/>
      <line num="121" type="stmt" count="1"/>
      <line num="129" type="method" name="getError" visibility="public" complexity="1" crap="1" count="1"/>
      <line num="131" type="stmt" count="1"/>
      <line num="139" type="method" name="getRules" visibility="public" complexity="1" crap="1" count="25"/>
      <line num="141" type="stmt" count="25"/>
      <line num="149" type="method" name="setField" visibility="private" complexity="2" crap="2" count="28"/>
      <line num="151" type="stmt" count="28"/>
      <line num="152" type="stmt" count="28"/>
      <line num="153" type="stmt" count="28"/>
      <line num="154" type="stmt" count="1"/>
      <line num="155" type="stmt" count="1"/>
      <line num="156" type="stmt" count="1"/>
      <line num="165" type="method" name="jsonSerialize" visibility="public" complexity="1" crap="1" count="1"/>
      <line num="167" type="stmt" count="1"/>
      <line num="168" type="stmt" count="1"/>
      <line num="170" type="stmt" count="1"/>
      <line num="180" type="method" name="serialize" visibility="public" complexity="4" crap="4" count="2"/>
      <line num="182" type="stmt" count="2"/>
      <line num="183" type="stmt" count="2"/>
      <line num="184" type="stmt" count="1"/>
      <line num="186" type="stmt" count="2"/>
      <line num="187" type="stmt" count="1"/>
      <line num="191" type="stmt" count="2"/>
      <line num="199" type="method" name="toResponse" visibility="public" complexity="1" crap="1" count="3"/>
      <line num="201" type="stmt" count="3"/>
      <metrics loc="204" ncloc="123" classes="1" methods="13" coveredmethods="13" conditionals="0" coveredconditionals="0" statements="42" coveredstatements="42" elements="55" coveredelements="55"/>
    </file>
    <file name="/mnt/96609CF5609CDCF5/code/gp/gp_dbms/src/Orm/Record.php">
      <class name="Database\Orm\Record" namespace="global">
        <metrics complexity="88" methods="46" coveredmethods="27" conditionals="0" coveredconditionals="0" statements="249" coveredstatements="209" elements="295" coveredelements="236"/>
      </class>
      <line num="58" type="method" name="setTriggerEvent" visibility="public" complexity="1" crap="1" count="3"/>
      <line num="60" type="stmt" count="3"/>
      <line num="63" type="method" name="isTriggerEvent" visibility="public" complexity="1" crap="1" count="1"/>
      <line num="65" type="stmt" count="1"/>
      <line num="73" type="method" name="save" visibility="public" complexity="4" crap="4.07" count="2"/>
      <line num="75" type="stmt" count="2"/>
      <line num="77" type="stmt" count="2"/>
      <line num="79" type="stmt" count="2"/>
      <line num="80" type="stmt" count="2"/>
      <line num="82" type="stmt" count="2"/>
      <line num="83" type="stmt" count="1"/>
      <line num="86" type="stmt" count="1"/>
      <line num="87" type="stmt" count="1"/>
      <line num="88" type="stmt" count="1"/>
      <line num="89" type="stmt" count="0"/>
      <line num="92" type="stmt" count="1"/>
      <line num="95" type="stmt" count="0"/>
      <line num="103" type="method" name="skipUpdateOn" visibility="public" complexity="1" crap="1" count="2"/>
      <line num="105" type="stmt" count="2"/>
      <line num="106" type="stmt" count="2"/>
      <line num="107" type="stmt" count="2"/>
      <line num="117" type="method" name="filterUpdateFields" visibility="public" complexity="3" crap="3" count="1"/>
      <line num="119" type="stmt" count="1"/>
      <line num="120" type="stmt" count="1"/>
      <line num="121" type="stmt" count="1"/>
      <line num="122" type="stmt" count="1"/>
      <line num="126" type="stmt" count="1"/>
      <line num="134" type="method" name="getUniqueId" visibility="public" complexity="1" crap="1" count="3"/>
      <line num="136" type="stmt" count="3"/>
      <line num="138" type="stmt" count="3"/>
      <line num="139" type="stmt" count="3"/>
      <line num="140" type="stmt" count="3"/>
      <line num="141" type="stmt" count="3"/>
      <line num="149" type="method" name="getUniqueKey" visibility="public" complexity="1" crap="1" count="4"/>
      <line num="151" type="stmt" count="4"/>
      <line num="160" type="method" name="update" visibility="private" complexity="2" crap="2" count="1"/>
      <line num="162" type="stmt" count="1"/>
      <line num="163" type="stmt" count="1"/>
      <line num="165" type="stmt" count="1"/>
      <line num="166" type="stmt" count="1"/>
      <line num="167" type="stmt" count="1"/>
      <line num="169" type="stmt" count="1"/>
      <line num="170" type="stmt" count="1"/>
      <line num="171" type="stmt" count="1"/>
      <line num="174" type="stmt" count="1"/>
      <line num="182" type="method" name="insert" visibility="public" complexity="4" crap="4.01" count="1"/>
      <line num="184" type="stmt" count="1"/>
      <line num="185" type="stmt" count="1"/>
      <line num="187" type="stmt" count="1"/>
      <line num="188" type="stmt" count="1"/>
      <line num="189" type="stmt" count="0"/>
      <line num="193" type="stmt" count="1"/>
      <line num="194" type="stmt" count="1"/>
      <line num="195" type="stmt" count="1"/>
      <line num="197" type="stmt" count="1"/>
      <line num="198" type="stmt" count="1"/>
      <line num="199" type="stmt" count="1"/>
      <line num="200" type="stmt" count="1"/>
      <line num="201" type="stmt" count="1"/>
      <line num="204" type="stmt" count="1"/>
      <line num="212" type="method" name="getDb" visibility="protected" complexity="1" crap="1" count="11"/>
      <line num="214" type="stmt" count="11"/>
      <line num="216" type="stmt" count="11"/>
      <line num="224" type="method" name="getTableName" visibility="public" complexity="1" crap="1" count="7"/>
      <line num="226" type="stmt" count="7"/>
      <line num="234" type="method" name="delete" visibility="public" complexity="3" crap="3.10" count="1"/>
      <line num="236" type="stmt" count="1"/>
      <line num="237" type="stmt" count="1"/>
      <line num="238" type="stmt" count="1"/>
      <line num="239" type="stmt" count="0"/>
      <line num="241" type="stmt" count="1"/>
      <line num="243" type="stmt" count="1"/>
      <line num="244" type="stmt" count="0"/>
      <line num="246" type="stmt" count="1"/>
      <line num="248" type="stmt" count="1"/>
      <line num="258" type="method" name="find" visibility="public" complexity="3" crap="3.03" count="2"/>
      <line num="260" type="stmt" count="2"/>
      <line num="261" type="stmt" count="2"/>
      <line num="262" type="stmt" count="2"/>
      <line num="263" type="stmt" count="0"/>
      <line num="265" type="stmt" count="2"/>
      <line num="266" type="stmt" count="2"/>
      <line num="269" type="stmt" count="2"/>
      <line num="270" type="stmt" count="2"/>
      <line num="271" type="stmt" count="2"/>
      <line num="272" type="stmt" count="0"/>
      <line num="275" type="stmt" count="2"/>
      <line num="277" type="stmt" count="2"/>
      <line num="279" type="stmt" count="2"/>
      <line num="289" type="method" name="getModel" visibility="private" complexity="1" crap="1" count="3"/>
      <line num="291" type="stmt" count="3"/>
      <line num="293" type="stmt" count="3"/>
      <line num="304" type="method" name="loadWith" visibility="private" complexity="5" crap="5.20" count="3"/>
      <line num="306" type="stmt" count="3"/>
      <line num="308" type="stmt" count="3"/>
      <line num="309" type="stmt" count="0"/>
      <line num="312" type="stmt" count="3"/>
      <line num="314" type="stmt" count="3"/>
      <line num="315" type="stmt" count="3"/>
      <line num="318" type="stmt" count="1"/>
      <line num="319" type="stmt" count="1"/>
      <line num="320" type="stmt" count="0"/>
      <line num="324" type="stmt" count="1"/>
      <line num="335" type="method" name="handleRelation" visibility="private" complexity="5" crap="5" count="1"/>
      <line num="337" type="stmt" count="1"/>
      <line num="338" type="stmt" count="1"/>
      <line num="339" type="stmt" count="1"/>
      <line num="340" type="stmt" count="1"/>
      <line num="341" type="stmt" count="1"/>
      <line num="342" type="stmt" count="1"/>
      <line num="343" type="stmt" count="1"/>
      <line num="344" type="stmt" count="1"/>
      <line num="345" type="stmt" count="1"/>
      <line num="347" type="stmt" count="1"/>
      <line num="348" type="stmt" count="1"/>
      <line num="350" type="stmt" count="1"/>
      <line num="351" type="stmt" count="1"/>
      <line num="352" type="stmt" count="1"/>
      <line num="354" type="stmt" count="1"/>
      <line num="355" type="stmt" count="0"/>
      <line num="358" type="stmt" count="1"/>
      <line num="359" type="stmt" count="1"/>
      <line num="360" type="stmt" count="1"/>
      <line num="361" type="stmt" count="1"/>
      <line num="362" type="stmt" count="1"/>
      <line num="363" type="stmt" count="1"/>
      <line num="373" type="method" name="loadFromDbRow" visibility="public" complexity="1" crap="1" count="6"/>
      <line num="375" type="stmt" count="6"/>
      <line num="379" type="stmt" count="6"/>
      <line num="380" type="stmt" count="6"/>
      <line num="381" type="stmt" count="6"/>
      <line num="382" type="stmt" count="6"/>
      <line num="384" type="stmt" count="6"/>
      <line num="395" type="method" name="fromDbRow" visibility="public" complexity="2" crap="2" count="6"/>
      <line num="397" type="stmt" count="6"/>
      <line num="398" type="stmt" count="6"/>
      <line num="401" type="stmt" count="6"/>
      <line num="410" type="method" name="toDbRow" visibility="public" complexity="3" crap="3" count="9"/>
      <line num="412" type="stmt" count="9"/>
      <line num="413" type="stmt" count="6"/>
      <line num="415" type="stmt" count="3"/>
      <line num="417" type="stmt" count="3"/>
      <line num="420" type="stmt" count="3"/>
      <line num="423" type="stmt" count="3"/>
      <line num="426" type="stmt" count="3"/>
      <line num="427" type="stmt" count="3"/>
      <line num="428" type="stmt" count="3"/>
      <line num="431" type="stmt" count="3"/>
      <line num="432" type="stmt" count="3"/>
      <line num="433" type="stmt" count="3"/>
      <line num="435" type="stmt" count="3"/>
      <line num="436" type="stmt" count="2"/>
      <line num="437" type="stmt" count="2"/>
      <line num="440" type="stmt" count="3"/>
      <line num="446" type="method" name="select" visibility="public" complexity="1" crap="1" count="2"/>
      <line num="448" type="stmt" count="2"/>
      <line num="449" type="stmt" count="2"/>
      <line num="450" type="stmt" count="2"/>
      <line num="452" type="stmt" count="2"/>
      <line num="453" type="stmt" count="2"/>
      <line num="455" type="stmt" count="2"/>
      <line num="463" type="method" name="one" visibility="public" complexity="2" crap="2.01" count="1"/>
      <line num="465" type="stmt" count="1"/>
      <line num="467" type="stmt" count="1"/>
      <line num="468" type="stmt" count="1"/>
      <line num="469" type="stmt" count="0"/>
      <line num="471" type="stmt" count="1"/>
      <line num="472" type="stmt" count="1"/>
      <line num="474" type="stmt" count="1"/>
      <line num="476" type="stmt" count="1"/>
      <line num="484" type="method" name="all" visibility="public" complexity="3" crap="3.01" count="2"/>
      <line num="486" type="stmt" count="2"/>
      <line num="487" type="stmt" count="2"/>
      <line num="488" type="stmt" count="2"/>
      <line num="489" type="stmt" count="0"/>
      <line num="492" type="stmt" count="2"/>
      <line num="493" type="stmt" count="2"/>
      <line num="494" type="stmt" count="2"/>
      <line num="495" type="stmt" count="2"/>
      <line num="496" type="stmt" count="2"/>
      <line num="497" type="stmt" count="2"/>
      <line num="500" type="stmt" count="2"/>
      <line num="502" type="stmt" count="2"/>
      <line num="514" type="method" name="updateAll" visibility="public" complexity="1" crap="1" count="1"/>
      <line num="516" type="stmt" count="1"/>
      <line num="517" type="stmt" count="1"/>
      <line num="518" type="stmt" count="1"/>
      <line num="520" type="stmt" count="1"/>
      <line num="530" type="method" name="deleteAll" visibility="public" complexity="1" crap="1" count="1"/>
      <line num="532" type="stmt" count="1"/>
      <line num="533" type="stmt" count="1"/>
      <line num="534" type="stmt" count="1"/>
      <line num="536" type="stmt" count="1"/>
      <line num="546" type="method" name="setDbQuery" visibility="public" complexity="1" crap="1" count="3"/>
      <line num="548" type="stmt" count="3"/>
      <line num="550" type="stmt" count="3"/>
      <line num="560" type="method" name="findAll" visibility="public" complexity="5" crap="5.12" count="1"/>
      <line num="562" type="stmt" count="1"/>
      <line num="563" type="stmt" count="1"/>
      <line num="564" type="stmt" count="1"/>
      <line num="565" type="stmt" count="0"/>
      <line num="567" type="stmt" count="1"/>
      <line num="568" type="stmt" count="1"/>
      <line num="569" type="stmt" count="1"/>
      <line num="571" type="stmt" count="1"/>
      <line num="572" type="stmt" count="0"/>
      <line num="575" type="stmt" count="1"/>
      <line num="576" type="stmt" count="0"/>
      <line num="579" type="stmt" count="1"/>
      <line num="580" type="stmt" count="1"/>
      <line num="581" type="stmt" count="1"/>
      <line num="582" type="stmt" count="1"/>
      <line num="583" type="stmt" count="1"/>
      <line num="584" type="stmt" count="1"/>
      <line num="587" type="stmt" count="1"/>
      <line num="595" type="method" name="setEvents" visibility="protected" complexity="1" crap="2" count="0"/>
      <line num="597" type="stmt" count="0"/>
      <line num="607" type="method" name="getEvent" visibility="public" complexity="1" crap="1" count="2"/>
      <line num="609" type="stmt" count="2"/>
      <line num="617" type="method" name="triggerEvent" visibility="public" complexity="6" crap="9.01" count="10"/>
      <line num="620" type="stmt" count="10"/>
      <line num="621" type="stmt" count="8"/>
      <line num="624" type="stmt" count="2"/>
      <line num="627" type="stmt" count="2"/>
      <line num="628" type="stmt" count="0"/>
      <line num="632" type="stmt" count="2"/>
      <line num="633" type="stmt" count="2"/>
      <line num="635" type="stmt" count="2"/>
      <line num="639" type="stmt" count="1"/>
      <line num="640" type="stmt" count="0"/>
      <line num="642" type="stmt" count="0"/>
      <line num="646" type="stmt" count="1"/>
      <line num="647" type="stmt" count="0"/>
      <line num="648" type="stmt" count="0"/>
      <line num="649" type="stmt" count="0"/>
      <line num="651" type="stmt" count="0"/>
      <line num="660" type="method" name="getIsLoadedByOrm" visibility="public" complexity="1" crap="1" count="1"/>
      <line num="662" type="stmt" count="1"/>
      <line num="670" type="method" name="setIsLoadedByOrm" visibility="public" complexity="1" crap="1" count="6"/>
      <line num="672" type="stmt" count="6"/>
      <line num="682" type="method" name="__get" visibility="public" complexity="2" crap="2.15" count="8"/>
      <line num="684" type="stmt" count="8"/>
      <line num="685" type="stmt" count="0"/>
      <line num="688" type="stmt" count="8"/>
      <line num="698" type="method" name="getRelation" visibility="public" complexity="1" crap="2" count="0"/>
      <line num="700" type="stmt" count="0"/>
      <line num="710" type="method" name="isRelation" visibility="public" complexity="1" crap="2" count="0"/>
      <line num="712" type="stmt" count="0"/>
      <line num="721" type="method" name="__set" visibility="public" complexity="2" crap="2.50" count="8"/>
      <line num="723" type="stmt" count="8"/>
      <line num="724" type="stmt" count="0"/>
      <line num="726" type="stmt" count="0"/>
      <line num="729" type="stmt" count="8"/>
      <line num="741" type="method" name="__call" visibility="public" complexity="3" crap="12" count="0"/>
      <line num="743" type="stmt" count="0"/>
      <line num="744" type="stmt" count="0"/>
      <line num="746" type="stmt" count="0"/>
      <line num="747" type="stmt" count="0"/>
      <line num="748" type="stmt" count="0"/>
      <line num="751" type="stmt" count="0"/>
      <line num="753" type="stmt" count="0"/>
      <line num="767" type="method" name="hasOne" visibility="public" complexity="1" crap="1" count="1"/>
      <line num="769" type="stmt" count="1"/>
      <line num="770" type="stmt" count="1"/>
      <line num="772" type="stmt" count="1"/>
      <line num="773" type="stmt" count="1"/>
      <line num="775" type="stmt" count="1"/>
      <line num="788" type="method" name="hasMany" visibility="public" complexity="1" crap="1" count="1"/>
      <line num="790" type="stmt" count="1"/>
      <line num="791" type="stmt" count="1"/>
      <line num="792" type="stmt" count="1"/>
      <line num="794" type="stmt" count="1"/>
      <line num="796" type="stmt" count="1"/>
      <line num="806" type="method" name="with" visibility="public" complexity="2" crap="2.26" count="3"/>
      <line num="808" type="stmt" count="3"/>
      <line num="809" type="stmt" count="3"/>
      <line num="811" type="stmt" count="3"/>
      <line num="813" type="stmt" count="0"/>
      <line num="815" type="stmt" count="0"/>
      <line num="823" type="method" name="getWithModels" visibility="public" complexity="1" crap="1" count="3"/>
      <line num="825" type="stmt" count="3"/>
      <line num="833" type="method" name="getRelations" visibility="public" complexity="1" crap="2" count="0"/>
      <line num="835" type="stmt" count="0"/>
      <line num="843" type="method" name="reload" visibility="public" complexity="1" crap="1" count="1"/>
      <line num="845" type="stmt" count="1"/>
      <line num="847" type="stmt" count="1"/>
      <line num="855" type="method" name="skipInsertOn" visibility="public" complexity="1" crap="1" count="1"/>
      <line num="857" type="stmt" count="1"/>
      <line num="867" type="method" name="setValues" visibility="public" complexity="2" crap="6" count="0"/>
      <line num="869" type="stmt" count="0"/>
      <line num="870" type="stmt" count="0"/>
      <line num="879" type="method" name="getValues" visibility="public" complexity="1" crap="1" count="1"/>
      <line num="881" type="stmt" count="1"/>
      <line num="890" type="method" name="useDelete" visibility="public" complexity="1" crap="1" count="1"/>
      <line num="892" type="stmt" count="1"/>
      <metrics loc="895" ncloc="577" classes="1" methods="46" coveredmethods="27" conditionals="0" coveredconditionals="0" statements="249" coveredstatements="209" elements="295" coveredelements="236"/>
    </file>
    <file name="/mnt/96609CF5609CDCF5/code/gp/gp_dbms/src/Orm/Relation/HasMany.php">
      <class name="Database\Orm\Relation\HasMany" namespace="global">
        <metrics complexity="1" methods="1" coveredmethods="1" conditionals="0" coveredconditionals="0" statements="6" coveredstatements="6" elements="7" coveredelements="7"/>
      </class>
      <line num="10" type="method" name="handle" visibility="public" complexity="1" crap="1" count="1"/>
      <line num="13" type="stmt" count="1"/>
      <line num="14" type="stmt" count="1"/>
      <line num="15" type="stmt" count="1"/>
      <line num="16" type="stmt" count="1"/>
      <line num="21" type="stmt" count="1"/>
      <line num="23" type="stmt" count="1"/>
      <metrics loc="26" ncloc="22" classes="1" methods="1" coveredmethods="1" conditionals="0" coveredconditionals="0" statements="6" coveredstatements="6" elements="7" coveredelements="7"/>
    </file>
    <file name="/mnt/96609CF5609CDCF5/code/gp/gp_dbms/src/Orm/Relation/HasOne.php">
      <class name="Database\Orm\Relation\HasOne" namespace="global">
        <metrics complexity="1" methods="1" coveredmethods="1" conditionals="0" coveredconditionals="0" statements="5" coveredstatements="5" elements="6" coveredelements="6"/>
      </class>
      <line num="9" type="method" name="handle" visibility="public" complexity="1" crap="1" count="1"/>
      <line num="11" type="stmt" count="1"/>
      <line num="12" type="stmt" count="1"/>
      <line num="14" type="stmt" count="1"/>
      <line num="18" type="stmt" count="1"/>
      <line num="20" type="stmt" count="1"/>
      <metrics loc="23" ncloc="20" classes="1" methods="1" coveredmethods="1" conditionals="0" coveredconditionals="0" statements="5" coveredstatements="5" elements="6" coveredelements="6"/>
    </file>
    <file name="/mnt/96609CF5609CDCF5/code/gp/gp_dbms/src/Orm/Relation/Relation.php">
      <class name="Database\Orm\Relation\Relation" namespace="global">
        <metrics complexity="20" methods="16" coveredmethods="16" conditionals="0" coveredconditionals="0" statements="33" coveredstatements="33" elements="49" coveredelements="49"/>
      </class>
      <line num="60" type="method" name="__construct" visibility="public" complexity="1" crap="1" count="10"/>
      <line num="62" type="stmt" count="10"/>
      <line num="63" type="stmt" count="10"/>
      <line num="64" type="stmt" count="10"/>
      <line num="65" type="stmt" count="10"/>
      <line num="66" type="stmt" count="10"/>
      <line num="71" type="method" name="reload" visibility="public" complexity="1" crap="1" count="1"/>
      <line num="73" type="stmt" count="1"/>
      <line num="76" type="method" name="resolve" visibility="public" complexity="3" crap="3" count="1"/>
      <line num="78" type="stmt" count="1"/>
      <line num="79" type="stmt" count="1"/>
      <line num="82" type="stmt" count="1"/>
      <line num="88" type="method" name="getModel" visibility="public" complexity="1" crap="1" count="2"/>
      <line num="90" type="stmt" count="2"/>
      <line num="96" type="method" name="setModel" visibility="public" complexity="1" crap="1" count="1"/>
      <line num="98" type="stmt" count="1"/>
      <line num="100" type="stmt" count="1"/>
      <line num="108" type="method" name="getPrimaryKey" visibility="public" complexity="1" crap="1" count="2"/>
      <line num="110" type="stmt" count="2"/>
      <line num="120" type="method" name="setPrimaryKey" visibility="public" complexity="1" crap="1" count="1"/>
      <line num="122" type="stmt" count="1"/>
      <line num="124" type="stmt" count="1"/>
      <line num="132" type="method" name="getRelatedModel" visibility="public" complexity="1" crap="1" count="2"/>
      <line num="134" type="stmt" count="2"/>
      <line num="144" type="method" name="setRelatedModel" visibility="public" complexity="1" crap="1" count="1"/>
      <line num="146" type="stmt" count="1"/>
      <line num="148" type="stmt" count="1"/>
      <line num="156" type="method" name="getForeignKey" visibility="public" complexity="1" crap="1" count="2"/>
      <line num="158" type="stmt" count="2"/>
      <line num="168" type="method" name="setForeignKey" visibility="public" complexity="1" crap="1" count="1"/>
      <line num="170" type="stmt" count="1"/>
      <line num="172" type="stmt" count="1"/>
      <line num="180" type="method" name="getDbQuery" visibility="public" complexity="1" crap="1" count="2"/>
      <line num="182" type="stmt" count="2"/>
      <line num="192" type="method" name="setDbQuery" visibility="public" complexity="1" crap="1" count="1"/>
      <line num="194" type="stmt" count="1"/>
      <line num="196" type="stmt" count="1"/>
      <line num="199" type="method" name="__call" visibility="public" complexity="2" crap="2" count="2"/>
      <line num="201" type="stmt" count="2"/>
      <line num="202" type="stmt" count="1"/>
      <line num="205" type="stmt" count="1"/>
      <line num="215" type="method" name="with" visibility="public" complexity="2" crap="2" count="1"/>
      <line num="217" type="stmt" count="1"/>
      <line num="218" type="stmt" count="1"/>
      <line num="220" type="stmt" count="1"/>
      <line num="222" type="stmt" count="1"/>
      <line num="224" type="stmt" count="1"/>
      <line num="227" type="method" name="getWithModels" visibility="public" complexity="1" crap="1" count="1"/>
      <line num="229" type="stmt" count="1"/>
      <metrics loc="232" ncloc="131" classes="1" methods="16" coveredmethods="16" conditionals="0" coveredconditionals="0" statements="33" coveredstatements="33" elements="49" coveredelements="49"/>
    </file>
    <metrics files="12" loc="2997" ncloc="1924" classes="11" methods="166" coveredmethods="140" conditionals="0" coveredconditionals="0" statements="715" coveredstatements="659" elements="881" coveredelements="799"/>
  </project>
</coverage>
