<?xml version="1.0" encoding="UTF-8"?>
<coverage generated="1748170539">
  <project timestamp="1748170539">
    <file name="/mnt/96609CF5609CDCF5/code/gp/gp_dbms/src/DBQuery.php">
      <class name="Database\DBQuery" namespace="global">
        <metrics complexity="93" methods="46" coveredmethods="46" conditionals="0" coveredconditionals="0" statements="228" coveredstatements="228" elements="274" coveredelements="274"/>
      </class>
      <line num="104" type="method" name="_resetQuery" visibility="private" complexity="1" crap="1" count="32"/>
      <line num="106" type="stmt" count="32"/>
      <line num="107" type="stmt" count="32"/>
      <line num="108" type="stmt" count="32"/>
      <line num="109" type="stmt" count="32"/>
      <line num="110" type="stmt" count="32"/>
      <line num="111" type="stmt" count="32"/>
      <line num="112" type="stmt" count="32"/>
      <line num="113" type="stmt" count="32"/>
      <line num="114" type="stmt" count="32"/>
      <line num="115" type="stmt" count="32"/>
      <line num="116" type="stmt" count="32"/>
      <line num="119" type="method" name="__construct" visibility="public" complexity="1" crap="1" count="32"/>
      <line num="121" type="stmt" count="32"/>
      <line num="124" type="method" name="reset" visibility="public" complexity="1" crap="1" count="3"/>
      <line num="126" type="stmt" count="3"/>
      <line num="139" type="method" name="delete" visibility="public" complexity="3" crap="3" count="1"/>
      <line num="141" type="stmt" count="1"/>
      <line num="142" type="stmt" count="1"/>
      <line num="143" type="stmt" count="1"/>
      <line num="144" type="stmt" count="1"/>
      <line num="145" type="stmt" count="1"/>
      <line num="147" type="stmt" count="1"/>
      <line num="150" type="stmt" count="1"/>
      <line num="166" type="method" name="update" visibility="public" complexity="5" crap="5" count="1"/>
      <line num="172" type="stmt" count="1"/>
      <line num="175" type="stmt" count="1"/>
      <line num="176" type="stmt" count="1"/>
      <line num="179" type="stmt" count="1"/>
      <line num="180" type="stmt" count="1"/>
      <line num="181" type="stmt" count="1"/>
      <line num="184" type="stmt" count="1"/>
      <line num="185" type="stmt" count="1"/>
      <line num="188" type="stmt" count="1"/>
      <line num="189" type="stmt" count="1"/>
      <line num="192" type="stmt" count="1"/>
      <line num="193" type="stmt" count="1"/>
      <line num="194" type="stmt" count="1"/>
      <line num="195" type="stmt" count="1"/>
      <line num="196" type="stmt" count="1"/>
      <line num="198" type="stmt" count="1"/>
      <line num="202" type="stmt" count="1"/>
      <line num="205" type="method" name="frameWhere" visibility="public" complexity="2" crap="2" count="4"/>
      <line num="207" type="stmt" count="4"/>
      <line num="208" type="stmt" count="4"/>
      <line num="209" type="stmt" count="4"/>
      <line num="210" type="stmt" count="4"/>
      <line num="211" type="stmt" count="4"/>
      <line num="214" type="stmt" count="4"/>
      <line num="229" type="method" name="insert" visibility="public" complexity="4" crap="4" count="1"/>
      <line num="234" type="stmt" count="1"/>
      <line num="237" type="stmt" count="1"/>
      <line num="238" type="stmt" count="1"/>
      <line num="239" type="stmt" count="1"/>
      <line num="242" type="stmt" count="1"/>
      <line num="243" type="stmt" count="1"/>
      <line num="244" type="stmt" count="1"/>
      <line num="246" type="stmt" count="1"/>
      <line num="248" type="stmt" count="1"/>
      <line num="249" type="stmt" count="1"/>
      <line num="251" type="stmt" count="1"/>
      <line num="255" type="stmt" count="1"/>
      <line num="257" type="stmt" count="1"/>
      <line num="267" type="method" name="select" visibility="public" complexity="2" crap="2" count="10"/>
      <line num="269" type="stmt" count="10"/>
      <line num="271" type="stmt" count="10"/>
      <line num="272" type="stmt" count="5"/>
      <line num="274" type="stmt" count="5"/>
      <line num="279" type="stmt" count="5"/>
      <line num="281" type="stmt" count="5"/>
      <line num="291" type="method" name="selectAs" visibility="public" complexity="2" crap="2" count="1"/>
      <line num="293" type="stmt" count="1"/>
      <line num="302" type="stmt" count="1"/>
      <line num="305" type="stmt" count="1"/>
      <line num="308" type="method" name="selectWith" visibility="public" complexity="2" crap="2" count="1"/>
      <line num="310" type="stmt" count="1"/>
      <line num="311" type="stmt" count="1"/>
      <line num="313" type="stmt" count="1"/>
      <line num="321" type="method" name="selectAll" visibility="public" complexity="2" crap="2" count="6"/>
      <line num="323" type="stmt" count="6"/>
      <line num="324" type="stmt" count="6"/>
      <line num="326" type="stmt" count="6"/>
      <line num="337" type="method" name="from" visibility="public" complexity="1" crap="1" count="16"/>
      <line num="339" type="stmt" count="16"/>
      <line num="341" type="stmt" count="16"/>
      <line num="352" type="method" name="appendWhere" visibility="public" complexity="3" crap="3" count="1"/>
      <line num="354" type="stmt" count="1"/>
      <line num="355" type="stmt" count="1"/>
      <line num="356" type="stmt" count="1"/>
      <line num="358" type="stmt" count="1"/>
      <line num="359" type="stmt" count="1"/>
      <line num="361" type="stmt" count="1"/>
      <line num="363" type="stmt" count="1"/>
      <line num="364" type="stmt" count="1"/>
      <line num="366" type="stmt" count="1"/>
      <line num="374" type="method" name="getWhere" visibility="public" complexity="1" crap="1" count="2"/>
      <line num="376" type="stmt" count="2"/>
      <line num="379" type="method" name="addWhere" visibility="public" complexity="2" crap="2" count="5"/>
      <line num="381" type="stmt" count="5"/>
      <line num="382" type="stmt" count="5"/>
      <line num="384" type="stmt" count="3"/>
      <line num="385" type="stmt" count="3"/>
      <line num="387" type="stmt" count="3"/>
      <line num="407" type="method" name="where" visibility="public" complexity="1" crap="1" count="3"/>
      <line num="409" type="stmt" count="3"/>
      <line num="412" type="method" name="getSingleArgWhere" visibility="private" complexity="5" crap="5" count="4"/>
      <line num="414" type="stmt" count="4"/>
      <line num="415" type="stmt" count="4"/>
      <line num="416" type="stmt" count="4"/>
      <line num="417" type="stmt" count="4"/>
      <line num="418" type="stmt" count="2"/>
      <line num="421" type="stmt" count="4"/>
      <line num="422" type="stmt" count="4"/>
      <line num="423" type="stmt" count="2"/>
      <line num="426" type="stmt" count="2"/>
      <line num="427" type="stmt" count="2"/>
      <line num="428" type="stmt" count="1"/>
      <line num="429" type="stmt" count="1"/>
      <line num="432" type="stmt" count="1"/>
      <line num="435" type="method" name="getThreeArgWhere" visibility="private" complexity="1" crap="1" count="3"/>
      <line num="438" type="stmt" count="3"/>
      <line num="442" type="stmt" count="3"/>
      <line num="443" type="stmt" count="3"/>
      <line num="444" type="stmt" count="3"/>
      <line num="445" type="stmt" count="3"/>
      <line num="448" type="method" name="getCondition" visibility="private" complexity="4" crap="4" count="2"/>
      <line num="450" type="stmt" count="2"/>
      <line num="451" type="stmt" count="2"/>
      <line num="452" type="stmt" count="2"/>
      <line num="454" type="stmt" count="2"/>
      <line num="455" type="stmt" count="1"/>
      <line num="456" type="stmt" count="2"/>
      <line num="457" type="stmt" count="1"/>
      <line num="458" type="stmt" count="1"/>
      <line num="459" type="stmt" count="2"/>
      <line num="460" type="stmt" count="1"/>
      <line num="461" type="stmt" count="1"/>
      <line num="463" type="stmt" count="1"/>
      <line num="466" type="stmt" count="1"/>
      <line num="485" type="method" name="orWhere" visibility="public" complexity="1" crap="1" count="1"/>
      <line num="487" type="stmt" count="1"/>
      <line num="498" type="method" name="limit" visibility="public" complexity="2" crap="2" count="2"/>
      <line num="500" type="stmt" count="2"/>
      <line num="501" type="stmt" count="1"/>
      <line num="503" type="stmt" count="1"/>
      <line num="506" type="stmt" count="2"/>
      <line num="517" type="method" name="orderBy" visibility="public" complexity="6" crap="6" count="1"/>
      <line num="519" type="stmt" count="1"/>
      <line num="521" type="stmt" count="1"/>
      <line num="524" type="stmt" count="1"/>
      <line num="525" type="stmt" count="1"/>
      <line num="528" type="stmt" count="1"/>
      <line num="535" type="method" name="getExectedQuery" visibility="public" complexity="1" crap="1" count="1"/>
      <line num="537" type="stmt" count="1"/>
      <line num="545" type="method" name="getQuery" visibility="public" complexity="2" crap="2" count="16"/>
      <line num="547" type="stmt" count="16"/>
      <line num="548" type="stmt" count="14"/>
      <line num="549" type="stmt" count="14"/>
      <line num="550" type="stmt" count="14"/>
      <line num="551" type="stmt" count="14"/>
      <line num="552" type="stmt" count="14"/>
      <line num="553" type="stmt" count="14"/>
      <line num="554" type="stmt" count="14"/>
      <line num="555" type="stmt" count="14"/>
      <line num="556" type="stmt" count="14"/>
      <line num="557" type="stmt" count="14"/>
      <line num="558" type="stmt" count="2"/>
      <line num="559" type="stmt" count="2"/>
      <line num="561" type="stmt" count="16"/>
      <line num="569" type="method" name="getBindValues" visibility="public" complexity="1" crap="1" count="7"/>
      <line num="571" type="stmt" count="7"/>
      <line num="581" type="method" name="appendBindValues" visibility="public" complexity="2" crap="2" count="2"/>
      <line num="583" type="stmt" count="2"/>
      <line num="584" type="stmt" count="2"/>
      <line num="587" type="stmt" count="2"/>
      <line num="598" type="method" name="innerJoin" visibility="public" complexity="1" crap="1" count="1"/>
      <line num="600" type="stmt" count="1"/>
      <line num="603" type="method" name="join" visibility="public" complexity="2" crap="2" count="4"/>
      <line num="605" type="stmt" count="4"/>
      <line num="606" type="stmt" count="4"/>
      <line num="608" type="stmt" count="4"/>
      <line num="609" type="stmt" count="3"/>
      <line num="612" type="stmt" count="2"/>
      <line num="623" type="method" name="leftJoin" visibility="public" complexity="1" crap="1" count="1"/>
      <line num="625" type="stmt" count="1"/>
      <line num="636" type="method" name="rightJoin" visibility="public" complexity="1" crap="1" count="1"/>
      <line num="638" type="stmt" count="1"/>
      <line num="649" type="method" name="crossJoin" visibility="public" complexity="1" crap="1" count="1"/>
      <line num="651" type="stmt" count="1"/>
      <line num="661" type="method" name="on" visibility="public" complexity="1" crap="1" count="3"/>
      <line num="663" type="stmt" count="3"/>
      <line num="665" type="stmt" count="3"/>
      <line num="675" type="method" name="using" visibility="public" complexity="1" crap="1" count="1"/>
      <line num="677" type="stmt" count="1"/>
      <line num="679" type="stmt" count="1"/>
      <line num="687" type="method" name="groupBy" visibility="public" complexity="1" crap="1" count="3"/>
      <line num="689" type="stmt" count="3"/>
      <line num="690" type="stmt" count="3"/>
      <line num="692" type="stmt" count="3"/>
      <line num="695" type="method" name="setBindValue" visibility="public" complexity="1" crap="1" count="1"/>
      <line num="697" type="stmt" count="1"/>
      <line num="699" type="stmt" count="1"/>
      <line num="702" type="method" name="setQuery" visibility="public" complexity="1" crap="1" count="1"/>
      <line num="704" type="stmt" count="1"/>
      <line num="706" type="stmt" count="1"/>
      <line num="709" type="method" name="getSql" visibility="public" complexity="4" crap="4" count="4"/>
      <line num="711" type="stmt" count="4"/>
      <line num="712" type="stmt" count="1"/>
      <line num="713" type="stmt" count="3"/>
      <line num="714" type="stmt" count="2"/>
      <line num="715" type="stmt" count="2"/>
      <line num="716" type="stmt" count="2"/>
      <line num="717" type="stmt" count="2"/>
      <line num="718" type="stmt" count="2"/>
      <line num="719" type="stmt" count="2"/>
      <line num="720" type="stmt" count="2"/>
      <line num="721" type="stmt" count="2"/>
      <line num="722" type="stmt" count="2"/>
      <line num="723" type="stmt" count="2"/>
      <line num="725" type="stmt" count="1"/>
      <line num="728" type="stmt" count="3"/>
      <line num="731" type="method" name="having" visibility="public" complexity="1" crap="1" count="1"/>
      <line num="733" type="stmt" count="1"/>
      <line num="734" type="stmt" count="1"/>
      <line num="736" type="stmt" count="1"/>
      <line num="739" type="method" name="addBackticks" visibility="private" complexity="5" crap="5" count="21"/>
      <line num="741" type="stmt" count="21"/>
      <line num="742" type="stmt" count="21"/>
      <line num="743" type="stmt" count="21"/>
      <line num="744" type="stmt" count="1"/>
      <line num="745" type="stmt" count="1"/>
      <line num="747" type="stmt" count="1"/>
      <line num="749" type="stmt" count="21"/>
      <line num="750" type="stmt" count="6"/>
      <line num="752" type="stmt" count="6"/>
      <line num="755" type="stmt" count="21"/>
      <line num="756" type="stmt" count="2"/>
      <line num="758" type="stmt" count="2"/>
      <line num="761" type="stmt" count="21"/>
      <line num="764" type="method" name="backticksHandler" visibility="private" complexity="2" crap="2" count="7"/>
      <line num="766" type="stmt" count="7"/>
      <line num="767" type="stmt" count="7"/>
      <line num="768" type="stmt" count="7"/>
      <line num="771" type="stmt" count="1"/>
      <line num="772" type="stmt" count="7"/>
      <line num="775" type="method" name="frameFields" visibility="private" complexity="2" crap="2" count="8"/>
      <line num="777" type="stmt" count="8"/>
      <line num="778" type="stmt" count="3"/>
      <line num="780" type="stmt" count="8"/>
      <line num="783" type="method" name="frameWhereQuery" visibility="public" complexity="5" crap="5" count="6"/>
      <line num="785" type="stmt" count="6"/>
      <line num="787" type="stmt" count="6"/>
      <line num="790" type="stmt" count="6"/>
      <line num="791" type="stmt" count="4"/>
      <line num="792" type="stmt" count="4"/>
      <line num="793" type="stmt" count="2"/>
      <line num="794" type="stmt" count="2"/>
      <line num="795" type="stmt" count="2"/>
      <line num="796" type="stmt" count="2"/>
      <line num="798" type="stmt" count="4"/>
      <line num="799" type="stmt" count="3"/>
      <line num="801" type="stmt" count="1"/>
      <line num="805" type="method" name="addWhereGroup" visibility="public" complexity="2" crap="2" count="1"/>
      <line num="807" type="stmt" count="1"/>
      <line num="808" type="stmt" count="1"/>
      <line num="810" type="stmt" count="1"/>
      <line num="811" type="stmt" count="1"/>
      <line num="813" type="stmt" count="1"/>
      <line num="816" type="method" name="andWhereGroup" visibility="public" complexity="1" crap="1" count="1"/>
      <line num="818" type="stmt" count="1"/>
      <line num="821" type="method" name="orWhereGroup" visibility="public" complexity="1" crap="1" count="1"/>
      <line num="823" type="stmt" count="1"/>
      <line num="826" type="method" name="__toString" visibility="public" complexity="1" crap="1" count="1"/>
      <line num="828" type="stmt" count="1"/>
      <metrics loc="831" ncloc="544" classes="1" methods="46" coveredmethods="46" conditionals="0" coveredconditionals="0" statements="228" coveredstatements="228" elements="274" coveredelements="274"/>
    </file>
    <file name="/mnt/96609CF5609CDCF5/code/gp/gp_dbms/src/Database.php">
      <class name="Database\Database" namespace="global">
        <metrics complexity="17" methods="13" coveredmethods="12" conditionals="0" coveredconditionals="0" statements="40" coveredstatements="39" elements="53" coveredelements="51"/>
      </class>
      <line num="57" type="method" name="__construct" visibility="public" complexity="1" crap="1" count="10"/>
      <line num="59" type="stmt" count="10"/>
      <line num="62" type="method" name="__call" visibility="public" complexity="3" crap="3" count="2"/>
      <line num="64" type="stmt" count="2"/>
      <line num="66" type="stmt" count="1"/>
      <line num="67" type="stmt" count="1"/>
      <line num="68" type="stmt" count="1"/>
      <line num="71" type="stmt" count="1"/>
      <line num="73" type="stmt" count="1"/>
      <line num="121" type="method" name="__clone" visibility="private" complexity="1" crap="2" count="0"/>
      <line num="123" type="stmt" count="0"/>
      <line num="173" type="method" name="query" visibility="public" complexity="1" crap="1" count="1"/>
      <line num="175" type="stmt" count="1"/>
      <line num="176" type="stmt" count="1"/>
      <line num="177" type="stmt" count="1"/>
      <line num="178" type="stmt" count="1"/>
      <line num="180" type="stmt" count="1"/>
      <line num="195" type="method" name="execute" visibility="public" complexity="2" crap="2" count="7"/>
      <line num="197" type="stmt" count="7"/>
      <line num="199" type="stmt" count="7"/>
      <line num="200" type="stmt" count="7"/>
      <line num="203" type="stmt" count="7"/>
      <line num="204" type="stmt" count="1"/>
      <line num="205" type="stmt" count="1"/>
      <line num="207" type="stmt" count="1"/>
      <line num="209" type="stmt" count="6"/>
      <line num="211" type="stmt" count="6"/>
      <line num="222" type="method" name="set" visibility="public" complexity="1" crap="1" count="1"/>
      <line num="224" type="stmt" count="1"/>
      <line num="226" type="stmt" count="1"/>
      <line num="234" type="method" name="begin" visibility="public" complexity="1" crap="1" count="1"/>
      <line num="236" type="stmt" count="1"/>
      <line num="238" type="stmt" count="1"/>
      <line num="246" type="method" name="commit" visibility="public" complexity="1" crap="1" count="1"/>
      <line num="248" type="stmt" count="1"/>
      <line num="256" type="method" name="rollback" visibility="public" complexity="1" crap="1" count="1"/>
      <line num="258" type="stmt" count="1"/>
      <line num="263" type="method" name="getOne" visibility="public" complexity="1" crap="1" count="1"/>
      <line num="265" type="stmt" count="1"/>
      <line num="266" type="stmt" count="1"/>
      <line num="268" type="stmt" count="1"/>
      <line num="271" type="method" name="getAll" visibility="public" complexity="2" crap="2" count="1"/>
      <line num="273" type="stmt" count="1"/>
      <line num="274" type="stmt" count="1"/>
      <line num="275" type="stmt" count="1"/>
      <line num="276" type="stmt" count="1"/>
      <line num="279" type="stmt" count="1"/>
      <line num="282" type="method" name="setQuery" visibility="public" complexity="1" crap="1" count="2"/>
      <line num="284" type="stmt" count="2"/>
      <line num="286" type="stmt" count="2"/>
      <line num="289" type="method" name="setDbQuery" visibility="public" complexity="1" crap="1" count="10"/>
      <line num="291" type="stmt" count="10"/>
      <line num="293" type="stmt" count="10"/>
      <metrics loc="296" ncloc="149" classes="1" methods="13" coveredmethods="12" conditionals="0" coveredconditionals="0" statements="40" coveredstatements="39" elements="53" coveredelements="51"/>
    </file>
    <file name="/mnt/96609CF5609CDCF5/code/gp/gp_dbms/src/DatabaseFactory.php">
      <class name="Database\DatabaseFactory" namespace="global">
        <metrics complexity="12" methods="3" coveredmethods="3" conditionals="0" coveredconditionals="0" statements="26" coveredstatements="26" elements="29" coveredelements="29"/>
      </class>
      <line num="20" type="method" name="create" visibility="private" complexity="4" crap="4" count="4"/>
      <line num="23" type="stmt" count="4"/>
      <line num="24" type="stmt" count="4"/>
      <line num="25" type="stmt" count="4"/>
      <line num="26" type="stmt" count="1"/>
      <line num="28" type="stmt" count="3"/>
      <line num="29" type="stmt" count="3"/>
      <line num="30" type="stmt" count="3"/>
      <line num="31" type="stmt" count="3"/>
      <line num="32" type="stmt" count="3"/>
      <line num="33" type="stmt" count="3"/>
      <line num="34" type="stmt" count="3"/>
      <line num="36" type="stmt" count="2"/>
      <line num="37" type="stmt" count="2"/>
      <line num="38" type="stmt" count="2"/>
      <line num="39" type="stmt" count="1"/>
      <line num="41" type="stmt" count="1"/>
      <line num="50" type="method" name="setUpConfig" visibility="public" complexity="5" crap="5" count="4"/>
      <line num="52" type="stmt" count="4"/>
      <line num="53" type="stmt" count="4"/>
      <line num="56" type="stmt" count="4"/>
      <line num="58" type="stmt" count="4"/>
      <line num="62" type="method" name="get" visibility="public" complexity="3" crap="3" count="5"/>
      <line num="64" type="stmt" count="5"/>
      <line num="65" type="stmt" count="1"/>
      <line num="68" type="stmt" count="5"/>
      <line num="69" type="stmt" count="4"/>
      <line num="71" type="stmt" count="2"/>
      <line num="74" type="stmt" count="1"/>
      <metrics loc="77" ncloc="66" classes="1" methods="3" coveredmethods="3" conditionals="0" coveredconditionals="0" statements="26" coveredstatements="26" elements="29" coveredelements="29"/>
    </file>
    <file name="/mnt/96609CF5609CDCF5/code/gp/gp_dbms/src/Driver/MysqliDriver.php">
      <class name="Database\Driver\MysqliDriver" namespace="global">
        <metrics complexity="26" methods="11" coveredmethods="2" conditionals="0" coveredconditionals="0" statements="63" coveredstatements="28" elements="74" coveredelements="30"/>
      </class>
      <line num="21" type="method" name="__construct" visibility="private" complexity="2" crap="6" count="0"/>
      <line num="24" type="stmt" count="0"/>
      <line num="25" type="stmt" count="0"/>
      <line num="26" type="stmt" count="0"/>
      <line num="27" type="stmt" count="0"/>
      <line num="36" type="method" name="__clone" visibility="private" complexity="1" crap="2" count="0"/>
      <line num="38" type="stmt" count="0"/>
      <line num="51" type="method" name="getInstance" visibility="public" complexity="1" crap="2" count="0"/>
      <line num="58" type="stmt" count="0"/>
      <line num="60" type="stmt" count="0"/>
      <line num="68" type="method" name="executeQuery" visibility="public" complexity="5" crap="10.09" count="1"/>
      <line num="70" type="stmt" count="1"/>
      <line num="72" type="stmt" count="1"/>
      <line num="73" type="stmt" count="1"/>
      <line num="74" type="stmt" count="1"/>
      <line num="75" type="stmt" count="1"/>
      <line num="76" type="stmt" count="1"/>
      <line num="78" type="stmt" count="0"/>
      <line num="79" type="stmt" count="0"/>
      <line num="80" type="stmt" count="0"/>
      <line num="81" type="stmt" count="0"/>
      <line num="82" type="stmt" count="0"/>
      <line num="83" type="stmt" count="0"/>
      <line num="84" type="stmt" count="0"/>
      <line num="85" type="stmt" count="0"/>
      <line num="86" type="stmt" count="0"/>
      <line num="87" type="stmt" count="0"/>
      <line num="90" type="stmt" count="1"/>
      <line num="93" type="method" name="getStmt" visibility="private" complexity="6" crap="6.92" count="2"/>
      <line num="95" type="stmt" count="2"/>
      <line num="96" type="stmt" count="2"/>
      <line num="97" type="stmt" count="2"/>
      <line num="98" type="stmt" count="2"/>
      <line num="99" type="stmt" count="2"/>
      <line num="100" type="stmt" count="1"/>
      <line num="101" type="stmt" count="1"/>
      <line num="102" type="stmt" count="1"/>
      <line num="103" type="stmt" count="1"/>
      <line num="104" type="stmt" count="0"/>
      <line num="105" type="stmt" count="0"/>
      <line num="106" type="stmt" count="0"/>
      <line num="108" type="stmt" count="0"/>
      <line num="109" type="stmt" count="0"/>
      <line num="113" type="stmt" count="2"/>
      <line num="114" type="stmt" count="1"/>
      <line num="117" type="stmt" count="2"/>
      <line num="125" type="method" name="fetch" visibility="public" complexity="2" crap="2" count="1"/>
      <line num="127" type="stmt" count="1"/>
      <line num="138" type="method" name="runQuery" visibility="public" complexity="5" crap="10.09" count="1"/>
      <line num="140" type="stmt" count="1"/>
      <line num="142" type="stmt" count="1"/>
      <line num="143" type="stmt" count="1"/>
      <line num="144" type="stmt" count="1"/>
      <line num="145" type="stmt" count="1"/>
      <line num="146" type="stmt" count="1"/>
      <line num="148" type="stmt" count="0"/>
      <line num="149" type="stmt" count="0"/>
      <line num="150" type="stmt" count="0"/>
      <line num="151" type="stmt" count="0"/>
      <line num="152" type="stmt" count="0"/>
      <line num="153" type="stmt" count="0"/>
      <line num="154" type="stmt" count="0"/>
      <line num="155" type="stmt" count="0"/>
      <line num="156" type="stmt" count="0"/>
      <line num="157" type="stmt" count="0"/>
      <line num="160" type="stmt" count="1"/>
      <line num="168" type="method" name="close" visibility="public" complexity="1" crap="2" count="0"/>
      <line num="170" type="stmt" count="0"/>
      <line num="178" type="method" name="insertId" visibility="public" complexity="1" crap="2" count="0"/>
      <line num="180" type="stmt" count="0"/>
      <line num="188" type="method" name="begin" visibility="public" complexity="1" crap="2" count="0"/>
      <line num="190" type="stmt" count="0"/>
      <line num="193" type="method" name="escape" visibility="public" complexity="1" crap="1" count="1"/>
      <line num="195" type="stmt" count="1"/>
      <metrics loc="198" ncloc="141" classes="1" methods="11" coveredmethods="2" conditionals="0" coveredconditionals="0" statements="63" coveredstatements="28" elements="74" coveredelements="30"/>
    </file>
    <file name="/mnt/96609CF5609CDCF5/code/gp/gp_dbms/src/Driver/PdoDriver.php">
      <class name="Database\Driver\PdoDriver" namespace="global">
        <metrics complexity="19" methods="12" coveredmethods="2" conditionals="0" coveredconditionals="0" statements="46" coveredstatements="19" elements="58" coveredelements="21"/>
      </class>
      <line num="22" type="method" name="__construct" visibility="private" complexity="2" crap="6" count="0"/>
      <line num="30" type="stmt" count="0"/>
      <line num="31" type="stmt" count="0"/>
      <line num="32" type="stmt" count="0"/>
      <line num="33" type="stmt" count="0"/>
      <line num="34" type="stmt" count="0"/>
      <line num="35" type="stmt" count="0"/>
      <line num="36" type="stmt" count="0"/>
      <line num="45" type="method" name="__clone" visibility="private" complexity="1" crap="2" count="0"/>
      <line num="47" type="stmt" count="0"/>
      <line num="60" type="method" name="getInstance" visibility="public" complexity="1" crap="2" count="0"/>
      <line num="67" type="stmt" count="0"/>
      <line num="68" type="stmt" count="0"/>
      <line num="70" type="stmt" count="0"/>
      <line num="78" type="method" name="executeQuery" visibility="public" complexity="1" crap="1" count="1"/>
      <line num="80" type="stmt" count="1"/>
      <line num="82" type="stmt" count="1"/>
      <line num="85" type="method" name="getStmt" visibility="private" complexity="3" crap="3.01" count="2"/>
      <line num="87" type="stmt" count="2"/>
      <line num="88" type="stmt" count="2"/>
      <line num="89" type="stmt" count="2"/>
      <line num="90" type="stmt" count="2"/>
      <line num="91" type="stmt" count="2"/>
      <line num="92" type="stmt" count="1"/>
      <line num="93" type="stmt" count="1"/>
      <line num="94" type="stmt" count="0"/>
      <line num="95" type="stmt" count="1"/>
      <line num="96" type="stmt" count="1"/>
      <line num="99" type="stmt" count="2"/>
      <line num="107" type="method" name="fetch" visibility="public" complexity="2" crap="6" count="0"/>
      <line num="109" type="stmt" count="0"/>
      <line num="120" type="method" name="runQuery" visibility="public" complexity="1" crap="1" count="1"/>
      <line num="122" type="stmt" count="1"/>
      <line num="124" type="stmt" count="1"/>
      <line num="134" type="method" name="run" visibility="private" complexity="4" crap="8.74" count="2"/>
      <line num="136" type="stmt" count="2"/>
      <line num="138" type="stmt" count="2"/>
      <line num="139" type="stmt" count="2"/>
      <line num="140" type="stmt" count="2"/>
      <line num="142" type="stmt" count="0"/>
      <line num="143" type="stmt" count="0"/>
      <line num="144" type="stmt" count="0"/>
      <line num="145" type="stmt" count="0"/>
      <line num="146" type="stmt" count="0"/>
      <line num="147" type="stmt" count="0"/>
      <line num="148" type="stmt" count="0"/>
      <line num="149" type="stmt" count="0"/>
      <line num="150" type="stmt" count="0"/>
      <line num="151" type="stmt" count="0"/>
      <line num="154" type="stmt" count="2"/>
      <line num="162" type="method" name="close" visibility="public" complexity="1" crap="2" count="0"/>
      <line num="164" type="stmt" count="0"/>
      <line num="172" type="method" name="insertId" visibility="public" complexity="1" crap="2" count="0"/>
      <line num="174" type="stmt" count="0"/>
      <line num="182" type="method" name="begin" visibility="public" complexity="1" crap="2" count="0"/>
      <line num="184" type="stmt" count="0"/>
      <line num="187" type="method" name="escape" visibility="public" complexity="1" crap="2" count="0"/>
      <line num="189" type="stmt" count="0"/>
      <metrics loc="192" ncloc="127" classes="1" methods="12" coveredmethods="2" conditionals="0" coveredconditionals="0" statements="46" coveredstatements="19" elements="58" coveredelements="21"/>
    </file>
    <file name="/mnt/96609CF5609CDCF5/code/gp/gp_dbms/src/Exception/DatabaseException.php">
      <class name="Database\Exception\DatabaseException" namespace="global">
        <metrics complexity="4" methods="3" coveredmethods="3" conditionals="0" coveredconditionals="0" statements="6" coveredstatements="6" elements="9" coveredelements="9"/>
      </class>
      <line num="16" type="method" name="__construct" visibility="public" complexity="2" crap="2" count="4"/>
      <line num="18" type="stmt" count="4"/>
      <line num="19" type="stmt" count="4"/>
      <line num="20" type="stmt" count="4"/>
      <line num="28" type="method" name="getErrorData" visibility="public" complexity="1" crap="1" count="1"/>
      <line num="30" type="stmt" count="1"/>
      <line num="40" type="method" name="setErrorData" visibility="public" complexity="1" crap="1" count="1"/>
      <line num="42" type="stmt" count="1"/>
      <line num="44" type="stmt" count="1"/>
      <metrics loc="47" ncloc="35" classes="1" methods="3" coveredmethods="3" conditionals="0" coveredconditionals="0" statements="6" coveredstatements="6" elements="9" coveredelements="9"/>
    </file>
    <file name="/mnt/96609CF5609CDCF5/code/gp/gp_dbms/src/Orm/Events.php">
      <class name="Database\Orm\Events" namespace="global">
        <metrics complexity="0" methods="0" coveredmethods="0" conditionals="0" coveredconditionals="0" statements="0" coveredstatements="0" elements="0" coveredelements="0"/>
      </class>
      <metrics loc="20" ncloc="20" classes="0" methods="0" coveredmethods="0" conditionals="0" coveredconditionals="0" statements="0" coveredstatements="0" elements="0" coveredelements="0"/>
    </file>
    <file name="/mnt/96609CF5609CDCF5/code/gp/gp_dbms/src/Orm/Model.php">
      <class name="Database\Orm\Model" namespace="global">
        <metrics complexity="96" methods="52" coveredmethods="16" conditionals="0" coveredconditionals="0" statements="263" coveredstatements="148" elements="315" coveredelements="164"/>
      </class>
      <line num="58" type="method" name="__construct" visibility="public" complexity="1" crap="1" count="8"/>
      <line num="60" type="stmt" count="8"/>
      <line num="68" type="method" name="setTriggerEvent" visibility="public" complexity="1" crap="2" count="0"/>
      <line num="70" type="stmt" count="0"/>
      <line num="80" type="method" name="save" visibility="public" complexity="4" crap="4.07" count="2"/>
      <line num="82" type="stmt" count="2"/>
      <line num="84" type="stmt" count="2"/>
      <line num="86" type="stmt" count="2"/>
      <line num="87" type="stmt" count="2"/>
      <line num="89" type="stmt" count="2"/>
      <line num="90" type="stmt" count="1"/>
      <line num="93" type="stmt" count="1"/>
      <line num="94" type="stmt" count="1"/>
      <line num="96" type="stmt" count="1"/>
      <line num="97" type="stmt" count="0"/>
      <line num="100" type="stmt" count="1"/>
      <line num="103" type="stmt" count="0"/>
      <line num="111" type="method" name="getUniqueId" visibility="public" complexity="1" crap="1" count="3"/>
      <line num="113" type="stmt" count="3"/>
      <line num="115" type="stmt" count="3"/>
      <line num="116" type="stmt" count="3"/>
      <line num="117" type="stmt" count="3"/>
      <line num="118" type="stmt" count="3"/>
      <line num="126" type="method" name="getUniqueKey" visibility="public" complexity="1" crap="2" count="0"/>
      <line num="128" type="stmt" count="0"/>
      <line num="137" type="method" name="update" visibility="private" complexity="2" crap="2" count="1"/>
      <line num="139" type="stmt" count="1"/>
      <line num="140" type="stmt" count="1"/>
      <line num="142" type="stmt" count="1"/>
      <line num="143" type="stmt" count="1"/>
      <line num="144" type="stmt" count="1"/>
      <line num="146" type="stmt" count="1"/>
      <line num="147" type="stmt" count="1"/>
      <line num="148" type="stmt" count="1"/>
      <line num="151" type="stmt" count="1"/>
      <line num="159" type="method" name="insert" visibility="public" complexity="4" crap="4.01" count="1"/>
      <line num="161" type="stmt" count="1"/>
      <line num="162" type="stmt" count="1"/>
      <line num="164" type="stmt" count="1"/>
      <line num="165" type="stmt" count="1"/>
      <line num="166" type="stmt" count="0"/>
      <line num="170" type="stmt" count="1"/>
      <line num="171" type="stmt" count="1"/>
      <line num="172" type="stmt" count="1"/>
      <line num="173" type="stmt" count="1"/>
      <line num="174" type="stmt" count="1"/>
      <line num="175" type="stmt" count="1"/>
      <line num="178" type="stmt" count="1"/>
      <line num="186" type="method" name="getDb" visibility="protected" complexity="1" crap="1" count="7"/>
      <line num="188" type="stmt" count="7"/>
      <line num="190" type="stmt" count="7"/>
      <line num="198" type="method" name="getTableName" visibility="public" complexity="1" crap="2" count="0"/>
      <line num="200" type="stmt" count="0"/>
      <line num="206" type="method" name="delete" visibility="public" complexity="3" crap="3.10" count="1"/>
      <line num="208" type="stmt" count="1"/>
      <line num="209" type="stmt" count="1"/>
      <line num="210" type="stmt" count="1"/>
      <line num="211" type="stmt" count="0"/>
      <line num="213" type="stmt" count="1"/>
      <line num="215" type="stmt" count="1"/>
      <line num="216" type="stmt" count="0"/>
      <line num="218" type="stmt" count="1"/>
      <line num="220" type="stmt" count="1"/>
      <line num="230" type="method" name="find" visibility="public" complexity="3" crap="3.03" count="1"/>
      <line num="232" type="stmt" count="1"/>
      <line num="233" type="stmt" count="1"/>
      <line num="234" type="stmt" count="1"/>
      <line num="235" type="stmt" count="0"/>
      <line num="237" type="stmt" count="1"/>
      <line num="238" type="stmt" count="1"/>
      <line num="241" type="stmt" count="1"/>
      <line num="242" type="stmt" count="1"/>
      <line num="243" type="stmt" count="1"/>
      <line num="244" type="stmt" count="0"/>
      <line num="247" type="stmt" count="1"/>
      <line num="249" type="stmt" count="1"/>
      <line num="251" type="stmt" count="1"/>
      <line num="254" type="method" name="getModel" visibility="private" complexity="1" crap="1" count="2"/>
      <line num="256" type="stmt" count="2"/>
      <line num="257" type="stmt" count="2"/>
      <line num="259" type="stmt" count="2"/>
      <line num="270" type="method" name="loadWith" visibility="private" complexity="5" crap="8.12" count="2"/>
      <line num="272" type="stmt" count="2"/>
      <line num="274" type="stmt" count="2"/>
      <line num="275" type="stmt" count="0"/>
      <line num="278" type="stmt" count="2"/>
      <line num="280" type="stmt" count="2"/>
      <line num="281" type="stmt" count="2"/>
      <line num="284" type="stmt" count="0"/>
      <line num="285" type="stmt" count="0"/>
      <line num="287" type="stmt" count="0"/>
      <line num="304" type="stmt" count="0"/>
      <line num="315" type="method" name="handleRelation" visibility="private" complexity="5" crap="30" count="0"/>
      <line num="317" type="stmt" count="0"/>
      <line num="318" type="stmt" count="0"/>
      <line num="319" type="stmt" count="0"/>
      <line num="320" type="stmt" count="0"/>
      <line num="321" type="stmt" count="0"/>
      <line num="322" type="stmt" count="0"/>
      <line num="323" type="stmt" count="0"/>
      <line num="324" type="stmt" count="0"/>
      <line num="325" type="stmt" count="0"/>
      <line num="327" type="stmt" count="0"/>
      <line num="328" type="stmt" count="0"/>
      <line num="330" type="stmt" count="0"/>
      <line num="331" type="stmt" count="0"/>
      <line num="332" type="stmt" count="0"/>
      <line num="341" type="stmt" count="0"/>
      <line num="342" type="stmt" count="0"/>
      <line num="345" type="stmt" count="0"/>
      <line num="346" type="stmt" count="0"/>
      <line num="347" type="stmt" count="0"/>
      <line num="348" type="stmt" count="0"/>
      <line num="349" type="stmt" count="0"/>
      <line num="350" type="stmt" count="0"/>
      <line num="360" type="method" name="loadFromDbRow" visibility="public" complexity="1" crap="1" count="4"/>
      <line num="362" type="stmt" count="4"/>
      <line num="366" type="stmt" count="4"/>
      <line num="367" type="stmt" count="4"/>
      <line num="368" type="stmt" count="4"/>
      <line num="369" type="stmt" count="4"/>
      <line num="371" type="stmt" count="4"/>
      <line num="382" type="method" name="fromDbRow" visibility="public" complexity="2" crap="2" count="4"/>
      <line num="384" type="stmt" count="4"/>
      <line num="385" type="stmt" count="4"/>
      <line num="388" type="stmt" count="4"/>
      <line num="397" type="method" name="toDbRow" visibility="public" complexity="3" crap="3.02" count="7"/>
      <line num="399" type="stmt" count="7"/>
      <line num="400" type="stmt" count="6"/>
      <line num="402" type="stmt" count="1"/>
      <line num="404" type="stmt" count="1"/>
      <line num="407" type="stmt" count="1"/>
      <line num="410" type="stmt" count="1"/>
      <line num="413" type="stmt" count="1"/>
      <line num="414" type="stmt" count="1"/>
      <line num="415" type="stmt" count="1"/>
      <line num="418" type="stmt" count="1"/>
      <line num="419" type="stmt" count="1"/>
      <line num="420" type="stmt" count="1"/>
      <line num="422" type="stmt" count="1"/>
      <line num="423" type="stmt" count="0"/>
      <line num="424" type="stmt" count="0"/>
      <line num="427" type="stmt" count="1"/>
      <line num="433" type="method" name="select" visibility="public" complexity="1" crap="1" count="2"/>
      <line num="435" type="stmt" count="2"/>
      <line num="436" type="stmt" count="2"/>
      <line num="437" type="stmt" count="2"/>
      <line num="439" type="stmt" count="2"/>
      <line num="440" type="stmt" count="2"/>
      <line num="442" type="stmt" count="2"/>
      <line num="444" type="method" name="one" visibility="public" complexity="2" crap="2.01" count="1"/>
      <line num="446" type="stmt" count="1"/>
      <line num="448" type="stmt" count="1"/>
      <line num="449" type="stmt" count="1"/>
      <line num="450" type="stmt" count="0"/>
      <line num="452" type="stmt" count="1"/>
      <line num="453" type="stmt" count="1"/>
      <line num="455" type="stmt" count="1"/>
      <line num="457" type="stmt" count="1"/>
      <line num="460" type="method" name="all" visibility="public" complexity="3" crap="3.01" count="1"/>
      <line num="462" type="stmt" count="1"/>
      <line num="463" type="stmt" count="1"/>
      <line num="464" type="stmt" count="1"/>
      <line num="465" type="stmt" count="0"/>
      <line num="468" type="stmt" count="1"/>
      <line num="469" type="stmt" count="1"/>
      <line num="470" type="stmt" count="1"/>
      <line num="471" type="stmt" count="1"/>
      <line num="472" type="stmt" count="1"/>
      <line num="473" type="stmt" count="1"/>
      <line num="476" type="stmt" count="1"/>
      <line num="478" type="stmt" count="1"/>
      <line num="481" type="method" name="updateAll" visibility="public" complexity="1" crap="2" count="0"/>
      <line num="483" type="stmt" count="0"/>
      <line num="484" type="stmt" count="0"/>
      <line num="485" type="stmt" count="0"/>
      <line num="486" type="stmt" count="0"/>
      <line num="488" type="stmt" count="0"/>
      <line num="491" type="method" name="deleteAll" visibility="public" complexity="1" crap="2" count="0"/>
      <line num="493" type="stmt" count="0"/>
      <line num="494" type="stmt" count="0"/>
      <line num="495" type="stmt" count="0"/>
      <line num="496" type="stmt" count="0"/>
      <line num="498" type="stmt" count="0"/>
      <line num="501" type="method" name="setDbQuery" visibility="public" complexity="1" crap="1" count="2"/>
      <line num="503" type="stmt" count="2"/>
      <line num="505" type="stmt" count="2"/>
      <line num="515" type="method" name="findAll" visibility="public" complexity="5" crap="5.12" count="1"/>
      <line num="517" type="stmt" count="1"/>
      <line num="518" type="stmt" count="1"/>
      <line num="519" type="stmt" count="1"/>
      <line num="520" type="stmt" count="0"/>
      <line num="522" type="stmt" count="1"/>
      <line num="523" type="stmt" count="1"/>
      <line num="524" type="stmt" count="1"/>
      <line num="526" type="stmt" count="1"/>
      <line num="527" type="stmt" count="0"/>
      <line num="530" type="stmt" count="1"/>
      <line num="531" type="stmt" count="0"/>
      <line num="534" type="stmt" count="1"/>
      <line num="535" type="stmt" count="1"/>
      <line num="536" type="stmt" count="1"/>
      <line num="537" type="stmt" count="1"/>
      <line num="538" type="stmt" count="1"/>
      <line num="539" type="stmt" count="1"/>
      <line num="542" type="stmt" count="1"/>
      <line num="550" type="method" name="setEvents" visibility="protected" complexity="1" crap="2" count="0"/>
      <line num="552" type="stmt" count="0"/>
      <line num="562" type="method" name="getEvent" visibility="public" complexity="1" crap="2" count="0"/>
      <line num="564" type="stmt" count="0"/>
      <line num="572" type="method" name="triggerEvent" visibility="public" complexity="6" crap="30.12" count="6"/>
      <line num="575" type="stmt" count="6"/>
      <line num="576" type="stmt" count="6"/>
      <line num="579" type="stmt" count="0"/>
      <line num="582" type="stmt" count="0"/>
      <line num="583" type="stmt" count="0"/>
      <line num="587" type="stmt" count="0"/>
      <line num="588" type="stmt" count="0"/>
      <line num="590" type="stmt" count="0"/>
      <line num="594" type="stmt" count="0"/>
      <line num="595" type="stmt" count="0"/>
      <line num="597" type="stmt" count="0"/>
      <line num="601" type="stmt" count="0"/>
      <line num="602" type="stmt" count="0"/>
      <line num="603" type="stmt" count="0"/>
      <line num="604" type="stmt" count="0"/>
      <line num="606" type="stmt" count="0"/>
      <line num="615" type="method" name="getIsLoadedByOrm" visibility="public" complexity="1" crap="2" count="0"/>
      <line num="617" type="stmt" count="0"/>
      <line num="625" type="method" name="setIsLoadedByOrm" visibility="public" complexity="1" crap="1" count="4"/>
      <line num="627" type="stmt" count="4"/>
      <line num="630" type="method" name="__get" visibility="public" complexity="2" crap="2.15" count="7"/>
      <line num="632" type="stmt" count="7"/>
      <line num="633" type="stmt" count="0"/>
      <line num="636" type="stmt" count="7"/>
      <line num="639" type="method" name="getRelation" visibility="public" complexity="1" crap="2" count="0"/>
      <line num="641" type="stmt" count="0"/>
      <line num="644" type="method" name="isRelation" visibility="public" complexity="1" crap="2" count="0"/>
      <line num="646" type="stmt" count="0"/>
      <line num="649" type="method" name="__set" visibility="public" complexity="2" crap="2.50" count="7"/>
      <line num="651" type="stmt" count="7"/>
      <line num="652" type="stmt" count="0"/>
      <line num="654" type="stmt" count="0"/>
      <line num="657" type="stmt" count="7"/>
      <line num="660" type="method" name="__call" visibility="public" complexity="3" crap="12" count="0"/>
      <line num="662" type="stmt" count="0"/>
      <line num="663" type="stmt" count="0"/>
      <line num="665" type="stmt" count="0"/>
      <line num="666" type="stmt" count="0"/>
      <line num="667" type="stmt" count="0"/>
      <line num="670" type="stmt" count="0"/>
      <line num="672" type="stmt" count="0"/>
      <line num="686" type="method" name="hasOne" visibility="public" complexity="1" crap="2" count="0"/>
      <line num="688" type="stmt" count="0"/>
      <line num="689" type="stmt" count="0"/>
      <line num="691" type="stmt" count="0"/>
      <line num="692" type="stmt" count="0"/>
      <line num="694" type="stmt" count="0"/>
      <line num="707" type="method" name="hasMany" visibility="public" complexity="1" crap="2" count="0"/>
      <line num="709" type="stmt" count="0"/>
      <line num="710" type="stmt" count="0"/>
      <line num="711" type="stmt" count="0"/>
      <line num="713" type="stmt" count="0"/>
      <line num="715" type="stmt" count="0"/>
      <line num="725" type="method" name="with" visibility="public" complexity="2" crap="2.26" count="2"/>
      <line num="727" type="stmt" count="2"/>
      <line num="728" type="stmt" count="2"/>
      <line num="730" type="stmt" count="2"/>
      <line num="732" type="stmt" count="0"/>
      <line num="734" type="stmt" count="0"/>
      <line num="737" type="method" name="getWithModels" visibility="public" complexity="1" crap="1" count="2"/>
      <line num="739" type="stmt" count="2"/>
      <line num="742" type="method" name="getRelations" visibility="public" complexity="1" crap="2" count="0"/>
      <line num="744" type="stmt" count="0"/>
      <line num="747" type="method" name="reload" visibility="public" complexity="1" crap="2" count="0"/>
      <line num="749" type="stmt" count="0"/>
      <line num="751" type="stmt" count="0"/>
      <line num="754" type="method" name="skipInsertOn" visibility="public" complexity="1" crap="1" count="1"/>
      <line num="756" type="stmt" count="1"/>
      <line num="759" type="method" name="setValues" visibility="public" complexity="2" crap="6" count="0"/>
      <line num="761" type="stmt" count="0"/>
      <line num="762" type="stmt" count="0"/>
      <line num="766" type="method" name="validate" visibility="public" complexity="1" crap="1" count="1"/>
      <line num="768" type="stmt" count="1"/>
      <line num="770" type="stmt" count="1"/>
      <line num="773" type="method" name="getValues" visibility="public" complexity="1" crap="1" count="1"/>
      <line num="775" type="stmt" count="1"/>
      <line num="778" type="method" name="getErrors" visibility="public" complexity="1" crap="2" count="0"/>
      <line num="780" type="stmt" count="0"/>
      <line num="783" type="method" name="getError" visibility="public" complexity="1" crap="2" count="0"/>
      <line num="785" type="stmt" count="0"/>
      <line num="788" type="method" name="getRules" visibility="public" complexity="1" crap="1" count="8"/>
      <line num="790" type="stmt" count="8"/>
      <line num="793" type="method" name="setField" visibility="public" complexity="2" crap="2.50" count="8"/>
      <line num="795" type="stmt" count="8"/>
      <line num="796" type="stmt" count="8"/>
      <line num="797" type="stmt" count="8"/>
      <line num="798" type="stmt" count="0"/>
      <line num="799" type="stmt" count="0"/>
      <line num="800" type="stmt" count="0"/>
      <line num="804" type="method" name="useDelete" visibility="public" complexity="1" crap="1" count="1"/>
      <line num="806" type="stmt" count="1"/>
      <line num="809" type="method" name="jsonSerialize" visibility="public" complexity="1" crap="2" count="0"/>
      <line num="811" type="stmt" count="0"/>
      <line num="815" type="stmt" count="0"/>
      <line num="818" type="stmt" count="0"/>
      <line num="821" type="method" name="serialize" visibility="public" complexity="4" crap="20" count="0"/>
      <line num="824" type="stmt" count="0"/>
      <line num="826" type="stmt" count="0"/>
      <line num="827" type="stmt" count="0"/>
      <line num="829" type="stmt" count="0"/>
      <line num="830" type="stmt" count="0"/>
      <line num="836" type="stmt" count="0"/>
      <line num="839" type="method" name="toResponse" visibility="public" complexity="1" crap="2" count="0"/>
      <line num="841" type="stmt" count="0"/>
      <metrics loc="844" ncloc="629" classes="1" methods="52" coveredmethods="16" conditionals="0" coveredconditionals="0" statements="263" coveredstatements="148" elements="315" coveredelements="164"/>
    </file>
    <file name="/mnt/96609CF5609CDCF5/code/gp/gp_dbms/src/Orm/Relation/HasMany.php">
      <class name="Database\Orm\Relation\HasMany" namespace="global">
        <metrics complexity="1" methods="1" coveredmethods="1" conditionals="0" coveredconditionals="0" statements="6" coveredstatements="6" elements="7" coveredelements="7"/>
      </class>
      <line num="10" type="method" name="handle" visibility="public" complexity="1" crap="1" count="1"/>
      <line num="13" type="stmt" count="1"/>
      <line num="14" type="stmt" count="1"/>
      <line num="15" type="stmt" count="1"/>
      <line num="16" type="stmt" count="1"/>
      <line num="21" type="stmt" count="1"/>
      <line num="23" type="stmt" count="1"/>
      <metrics loc="26" ncloc="22" classes="1" methods="1" coveredmethods="1" conditionals="0" coveredconditionals="0" statements="6" coveredstatements="6" elements="7" coveredelements="7"/>
    </file>
    <file name="/mnt/96609CF5609CDCF5/code/gp/gp_dbms/src/Orm/Relation/HasOne.php">
      <class name="Database\Orm\Relation\HasOne" namespace="global">
        <metrics complexity="1" methods="1" coveredmethods="1" conditionals="0" coveredconditionals="0" statements="6" coveredstatements="6" elements="7" coveredelements="7"/>
      </class>
      <line num="9" type="method" name="handle" visibility="public" complexity="1" crap="1" count="1"/>
      <line num="11" type="stmt" count="1"/>
      <line num="12" type="stmt" count="1"/>
      <line num="13" type="stmt" count="1"/>
      <line num="15" type="stmt" count="1"/>
      <line num="19" type="stmt" count="1"/>
      <line num="21" type="stmt" count="1"/>
      <metrics loc="24" ncloc="21" classes="1" methods="1" coveredmethods="1" conditionals="0" coveredconditionals="0" statements="6" coveredstatements="6" elements="7" coveredelements="7"/>
    </file>
    <file name="/mnt/96609CF5609CDCF5/code/gp/gp_dbms/src/Orm/Relation/Relation.php">
      <class name="Database\Orm\Relation\Relation" namespace="global">
        <metrics complexity="20" methods="16" coveredmethods="13" conditionals="0" coveredconditionals="0" statements="33" coveredstatements="24" elements="49" coveredelements="37"/>
      </class>
      <line num="60" type="method" name="__construct" visibility="public" complexity="1" crap="1" count="5"/>
      <line num="62" type="stmt" count="5"/>
      <line num="63" type="stmt" count="5"/>
      <line num="64" type="stmt" count="5"/>
      <line num="65" type="stmt" count="5"/>
      <line num="66" type="stmt" count="5"/>
      <line num="71" type="method" name="reload" visibility="public" complexity="1" crap="1" count="1"/>
      <line num="73" type="stmt" count="1"/>
      <line num="76" type="method" name="resolve" visibility="public" complexity="3" crap="3" count="1"/>
      <line num="78" type="stmt" count="1"/>
      <line num="79" type="stmt" count="1"/>
      <line num="82" type="stmt" count="1"/>
      <line num="88" type="method" name="getModel" visibility="public" complexity="1" crap="1" count="2"/>
      <line num="90" type="stmt" count="2"/>
      <line num="96" type="method" name="setModel" visibility="public" complexity="1" crap="1" count="1"/>
      <line num="98" type="stmt" count="1"/>
      <line num="100" type="stmt" count="1"/>
      <line num="108" type="method" name="getPrimaryKey" visibility="public" complexity="1" crap="1" count="2"/>
      <line num="110" type="stmt" count="2"/>
      <line num="120" type="method" name="setPrimaryKey" visibility="public" complexity="1" crap="1" count="1"/>
      <line num="122" type="stmt" count="1"/>
      <line num="124" type="stmt" count="1"/>
      <line num="132" type="method" name="getRelatedModel" visibility="public" complexity="1" crap="1" count="2"/>
      <line num="134" type="stmt" count="2"/>
      <line num="144" type="method" name="setRelatedModel" visibility="public" complexity="1" crap="1" count="1"/>
      <line num="146" type="stmt" count="1"/>
      <line num="148" type="stmt" count="1"/>
      <line num="156" type="method" name="getForeignKey" visibility="public" complexity="1" crap="1" count="2"/>
      <line num="158" type="stmt" count="2"/>
      <line num="168" type="method" name="setForeignKey" visibility="public" complexity="1" crap="1" count="1"/>
      <line num="170" type="stmt" count="1"/>
      <line num="172" type="stmt" count="1"/>
      <line num="180" type="method" name="getQuery" visibility="public" complexity="1" crap="1" count="2"/>
      <line num="182" type="stmt" count="2"/>
      <line num="192" type="method" name="setQuery" visibility="public" complexity="1" crap="1" count="1"/>
      <line num="194" type="stmt" count="1"/>
      <line num="196" type="stmt" count="1"/>
      <line num="199" type="method" name="__call" visibility="public" complexity="2" crap="6" count="0"/>
      <line num="201" type="stmt" count="0"/>
      <line num="202" type="stmt" count="0"/>
      <line num="205" type="stmt" count="0"/>
      <line num="215" type="method" name="with" visibility="public" complexity="2" crap="6" count="0"/>
      <line num="217" type="stmt" count="0"/>
      <line num="218" type="stmt" count="0"/>
      <line num="220" type="stmt" count="0"/>
      <line num="222" type="stmt" count="0"/>
      <line num="224" type="stmt" count="0"/>
      <line num="227" type="method" name="getWithModels" visibility="public" complexity="1" crap="2" count="0"/>
      <line num="229" type="stmt" count="0"/>
      <metrics loc="232" ncloc="130" classes="1" methods="16" coveredmethods="13" conditionals="0" coveredconditionals="0" statements="33" coveredstatements="24" elements="49" coveredelements="37"/>
    </file>
    <metrics files="11" loc="2787" ncloc="1884" classes="10" methods="158" coveredmethods="99" conditionals="0" coveredconditionals="0" statements="717" coveredstatements="530" elements="875" coveredelements="629"/>
  </project>
</coverage>
